Connected, dumping recent logs for app rexnord-customer-portal-prg20170306 in org prgodwin@us.ibm.com / space dev as prgodwin@us.ibm.com...

2017-03-06T12:53:01.18-0500 [API/7]      OUT Created app with guid e5ddb78f-12e9-4ebc-9fe9-2e7bc9f1f9a3
2017-03-06T12:53:07.72-0500 [API/0]      OUT Updated app with guid e5ddb78f-12e9-4ebc-9fe9-2e7bc9f1f9a3 ({"state"=>"STARTED"})
2017-03-06T12:53:07.91-0500 [STG/0]      OUT Downloading swift_buildpack...
2017-03-06T12:53:07.91-0500 [STG/0]      OUT Downloading liberty-for-java...
2017-03-06T12:53:07.91-0500 [STG/0]      OUT Downloading sdk-for-nodejs...
2017-03-06T12:53:07.92-0500 [STG/0]      OUT Downloading dotnet-core...
2017-03-06T12:53:07.93-0500 [STG/0]      OUT Downloaded swift_buildpack_v2_0_3-20161217-1748
2017-03-06T12:53:07.93-0500 [STG/0]      OUT Downloading noop-buildpack...
2017-03-06T12:53:07.93-0500 [STG/0]      OUT Downloaded liberty-for-java
2017-03-06T12:53:07.93-0500 [STG/0]      OUT Downloading python_buildpack...
2017-03-06T12:53:07.94-0500 [STG/0]      OUT Downloaded dotnet-core
2017-03-06T12:53:07.94-0500 [STG/0]      OUT Downloading xpages_buildpack...
2017-03-06T12:53:07.95-0500 [STG/0]      OUT Downloaded python_buildpack
2017-03-06T12:53:07.95-0500 [STG/0]      OUT Downloading staticfile_buildpack...
2017-03-06T12:53:07.95-0500 [STG/0]      OUT Downloaded java_buildpack
2017-03-06T12:53:07.95-0500 [STG/0]      OUT Downloading ruby_buildpack...
2017-03-06T12:53:07.95-0500 [STG/0]      OUT Downloaded binary_buildpack
2017-03-06T12:53:07.95-0500 [STG/0]      OUT Downloading liberty-for-java_v3_6-20161209-1351...
2017-03-06T12:53:07.95-0500 [STG/0]      OUT Downloaded xpages_buildpack
2017-03-06T12:53:07.95-0500 [STG/0]      OUT Downloading liberty-for-java_v3_4_1-20161030-2241...
2017-03-06T12:53:07.97-0500 [STG/0]      OUT Downloaded php_buildpack
2017-03-06T12:53:07.97-0500 [STG/0]      OUT Downloading liberty-for-java_v3_5-20161114-1152...
2017-03-06T12:53:07.97-0500 [STG/0]      OUT Downloaded liberty-for-java_v3_4_1-20161030-2241
2017-03-06T12:53:07.97-0500 [STG/0]      OUT Downloading dotnet-core_v1_0_6-20161205-0912...
2017-03-06T12:53:07.97-0500 [STG/0]      OUT Downloaded ruby_buildpack
2017-03-06T12:53:07.98-0500 [STG/0]      OUT Downloaded liberty-for-java_v3_6-20161209-1351
2017-03-06T12:53:07.98-0500 [STG/0]      OUT Downloading go_buildpack...
2017-03-06T12:53:07.98-0500 [STG/0]      OUT Downloaded dotnet-core_v1_0_6-20161205-0912
2017-03-06T12:53:07.99-0500 [STG/0]      OUT Downloaded liberty-for-java_v3_5-20161114-1152
2017-03-06T12:53:07.99-0500 [STG/0]      OUT Downloaded go_buildpack
2017-03-06T12:53:07.99-0500 [STG/0]      OUT Creating container
2017-03-06T12:53:17.76-0500 [STG/0]      OUT Downloading app package...
2017-03-06T12:53:17.85-0500 [STG/0]      OUT Downloaded app package (21K)
2017-03-06T12:53:17.85-0500 [STG/0]      OUT Staging...
2017-03-06T12:53:18.84-0500 [STG/0]      OUT -----> IBM SDK for Node.js Buildpack v3.10-20170119-1146
2017-03-06T12:53:18.84-0500 [STG/0]      OUT        Based on Cloud Foundry Node.js Buildpack v1.5.24
2017-03-06T12:53:18.86-0500 [STG/0]      OUT -----> Creating runtime environment
2017-03-06T12:53:18.86-0500 [STG/0]      OUT        
2017-03-06T12:53:18.86-0500 [STG/0]      OUT        NPM_CONFIG_LOGLEVEL=error
2017-03-06T12:53:18.86-0500 [STG/0]      OUT        NPM_CONFIG_PRODUCTION=true
2017-03-06T12:53:18.86-0500 [STG/0]      OUT        NODE_ENV=production
2017-03-06T12:53:18.86-0500 [STG/0]      OUT        NODE_MODULES_CACHE=true
2017-03-06T12:53:18.86-0500 [STG/0]      OUT -----> Installing binaries
2017-03-06T12:53:18.88-0500 [STG/0]      OUT        engines.node (package.json):  4.x
2017-03-06T12:53:18.88-0500 [STG/0]      OUT        engines.npm (package.json):   unspecified (use default)
2017-03-06T12:53:18.88-0500 [STG/0]      OUT        
2017-03-06T12:53:19.06-0500 [STG/0]      OUT        Installing IBM SDK for Node.js (4.7.2) from cache
2017-03-06T12:53:20.74-0500 [STG/0]      OUT        Using default npm version: 2.15.11
2017-03-06T12:53:20.74-0500 [STG/0]      OUT -----> Restoring cache
2017-03-06T12:53:20.99-0500 [STG/0]      OUT        Skipping cache restore (new runtime signature)
2017-03-06T12:53:20.99-0500 [STG/0]      OUT -----> Building dependencies
2017-03-06T12:53:20.99-0500 [STG/0]      OUT        Installing node modules (package.json)
2017-03-06T12:53:24.36-0500 [STG/0]      OUT        express@4.13.4 node_modules/express
2017-03-06T12:53:24.36-0500 [STG/0]      OUT        ├── array-flatten@1.1.1
2017-03-06T12:53:24.36-0500 [STG/0]      OUT        ├── utils-merge@1.0.0
2017-03-06T12:53:24.36-0500 [STG/0]      OUT        ├── cookie-signature@1.0.6
2017-03-06T12:53:24.36-0500 [STG/0]      OUT        ├── merge-descriptors@1.0.1
2017-03-06T12:53:24.36-0500 [STG/0]      OUT        ├── methods@1.1.2
2017-03-06T12:53:24.36-0500 [STG/0]      OUT        ├── etag@1.7.0
2017-03-06T12:53:24.36-0500 [STG/0]      OUT        ├── range-parser@1.0.3
2017-03-06T12:53:24.36-0500 [STG/0]      OUT        ├── cookie@0.1.5
2017-03-06T12:53:24.36-0500 [STG/0]      OUT        ├── content-type@1.0.2
2017-03-06T12:53:24.36-0500 [STG/0]      OUT        ├── fresh@0.3.0
2017-03-06T12:53:24.36-0500 [STG/0]      OUT        ├── path-to-regexp@0.1.7
2017-03-06T12:53:24.36-0500 [STG/0]      OUT        ├── depd@1.1.0
2017-03-06T12:53:24.36-0500 [STG/0]      OUT        ├── qs@4.0.0
2017-03-06T12:53:24.36-0500 [STG/0]      OUT        ├── on-finished@2.3.0 (ee-first@1.1.1)
2017-03-06T12:53:24.36-0500 [STG/0]      OUT        ├── finalhandler@0.4.1 (unpipe@1.0.0)
2017-03-06T12:53:24.36-0500 [STG/0]      OUT        ├── debug@2.2.0 (ms@0.7.1)
2017-03-06T12:53:24.36-0500 [STG/0]      OUT        ├── proxy-addr@1.0.10 (forwarded@0.1.0, ipaddr.js@1.0.5)
2017-03-06T12:53:24.36-0500 [STG/0]      OUT        ├── accepts@1.2.13 (negotiator@0.5.3, mime-types@2.1.14)
2017-03-06T12:53:24.36-0500 [STG/0]      OUT        ├── type-is@1.6.14 (media-typer@0.3.0, mime-types@2.1.14)
2017-03-06T12:53:24.36-0500 [STG/0]      OUT        └── serve-static@1.10.3 (send@0.13.2)
2017-03-06T12:53:24.36-0500 [STG/0]      OUT        
2017-03-06T12:53:24.36-0500 [STG/0]      OUT        cfenv@1.0.4 node_modules/cfenv
2017-03-06T12:53:24.36-0500 [STG/0]      OUT        ├── ports@1.1.0
2017-03-06T12:53:24.36-0500 [STG/0]      OUT        ├── underscore@1.8.3
2017-03-06T12:53:24.36-0500 [STG/0]      OUT        └── js-yaml@3.7.0 (esprima@2.7.3, argparse@1.0.9)
2017-03-06T12:53:24.38-0500 [STG/0]      OUT -----> Installing App Management
2017-03-06T12:53:26.26-0500 [STG/0]      OUT -----> Caching build
2017-03-06T12:53:26.27-0500 [STG/0]      OUT        Clearing previous node cache
2017-03-06T12:53:26.27-0500 [STG/0]      OUT        Saving 2 cacheDirectories (default):
2017-03-06T12:53:26.27-0500 [STG/0]      OUT        - node_modules
2017-03-06T12:53:26.36-0500 [STG/0]      OUT        - bower_components (nothing to cache)
2017-03-06T12:53:26.61-0500 [STG/0]      OUT -----> Build succeeded!
2017-03-06T12:53:27.21-0500 [STG/0]      OUT        ├── cfenv@1.0.4
2017-03-06T12:53:27.21-0500 [STG/0]      OUT        └── express@4.13.4
2017-03-06T12:53:27.21-0500 [STG/0]      OUT        
2017-03-06T12:53:33.27-0500 [STG/0]      OUT Exit status 0
2017-03-06T12:53:33.27-0500 [STG/0]      OUT Staging complete
2017-03-06T12:53:33.27-0500 [STG/0]      OUT Uploading build artifacts cache...
2017-03-06T12:53:33.45-0500 [STG/0]      OUT Uploaded build artifacts cache (485.6K)
2017-03-06T12:53:38.88-0500 [STG/0]      OUT Uploaded droplet (17.1M)
2017-03-06T12:53:38.88-0500 [STG/0]      OUT Uploading complete
2017-03-06T12:53:39.00-0500 [STG/0]      OUT Destroying container
2017-03-06T12:53:39.51-0500 [CELL/0]     OUT Creating container
2017-03-06T12:53:46.14-0500 [CELL/0]     OUT Successfully created container
2017-03-06T12:53:47.12-0500 [STG/0]      OUT Successfully destroyed container
2017-03-06T12:53:48.98-0500 [APP/0]      OUT > NodejsStarterApp@0.0.1 start /home/vcap/app
2017-03-06T12:53:48.98-0500 [APP/0]      OUT > node app.js
2017-03-06T12:53:49.54-0500 [APP/0]      OUT server starting on https://rexnord-customer-portal-prg20170306.mybluemix.net
2017-03-06T12:53:49.94-0500 [CELL/0]     OUT Container became healthy
2017-03-06T13:02:29.98-0500 [API/0]      OUT Updated app with guid e5ddb78f-12e9-4ebc-9fe9-2e7bc9f1f9a3 ({"name"=>"rexnord-customer-portal-prg20170306", "instances"=>1, "memory"=>256, "disk_quota"=>1024, "environment_json"=>"PRIVATE DATA HIDDEN"})
2017-03-06T13:02:40.50-0500 [API/9]      OUT Updated app with guid e5ddb78f-12e9-4ebc-9fe9-2e7bc9f1f9a3 ({"state"=>"STOPPED"})
2017-03-06T13:02:40.50-0500 [CELL/0]     OUT Exit status 0
2017-03-06T13:02:44.59-0500 [STG/0]      OUT Downloading swift_buildpack_v2_0_3-20161217-1748...
2017-03-06T13:02:44.59-0500 [STG/0]      OUT Downloading xpages_buildpack...
2017-03-06T13:02:44.59-0500 [STG/0]      OUT Downloading liberty-for-java...
2017-03-06T13:02:44.59-0500 [STG/0]      OUT Downloading sdk-for-nodejs...
2017-03-06T13:02:44.59-0500 [STG/0]      OUT Downloading dotnet-core...
2017-03-06T13:02:44.61-0500 [STG/0]      OUT Downloading swift_buildpack...
2017-03-06T13:02:44.61-0500 [STG/0]      OUT Downloaded liberty-for-java
2017-03-06T13:02:44.61-0500 [STG/0]      OUT Downloaded swift_buildpack_v2_0_3-20161217-1748
2017-03-06T13:02:44.61-0500 [STG/0]      OUT Downloading java_buildpack...
2017-03-06T13:02:44.62-0500 [STG/0]      OUT Downloaded dotnet-core
2017-03-06T13:02:44.62-0500 [STG/0]      OUT Downloading ruby_buildpack...
2017-03-06T13:02:44.63-0500 [STG/0]      OUT Downloaded xpages_buildpack
2017-03-06T13:02:44.63-0500 [STG/0]      OUT Downloading nodejs_buildpack...
2017-03-06T13:02:44.63-0500 [STG/0]      OUT Downloading go_buildpack...
2017-03-06T13:02:44.63-0500 [STG/0]      OUT Downloaded noop-buildpack
2017-03-06T13:02:44.64-0500 [STG/0]      OUT Downloaded ruby_buildpack
2017-03-06T13:02:44.64-0500 [STG/0]      OUT Downloading liberty-for-java_v3_6-20161209-1351...
2017-03-06T13:02:44.64-0500 [STG/0]      OUT Downloaded java_buildpack
2017-03-06T13:02:44.64-0500 [STG/0]      OUT Downloading php_buildpack...
2017-03-06T13:02:44.65-0500 [STG/0]      OUT Downloading staticfile_buildpack...
2017-03-06T13:02:44.66-0500 [STG/0]      OUT Downloaded go_buildpack
2017-03-06T13:02:44.66-0500 [STG/0]      OUT Downloading binary_buildpack...
2017-03-06T13:02:44.66-0500 [STG/0]      OUT Downloaded python_buildpack
2017-03-06T13:02:44.66-0500 [STG/0]      OUT Downloading liberty-for-java_v3_4_1-20161030-2241...
2017-03-06T13:02:44.66-0500 [STG/0]      OUT Downloading liberty-for-java_v3_5-20161114-1152...
2017-03-06T13:02:44.67-0500 [STG/0]      OUT Downloaded liberty-for-java_v3_6-20161209-1351
2017-03-06T13:02:44.67-0500 [STG/0]      OUT Downloading dotnet-core_v1_0_6-20161205-0912...
2017-03-06T13:02:44.68-0500 [STG/0]      OUT Downloaded binary_buildpack
2017-03-06T13:02:44.68-0500 [STG/0]      OUT Downloading sdk-for-nodejs_v3_9-20161128-1327...
2017-03-06T13:02:44.69-0500 [STG/0]      OUT Downloaded staticfile_buildpack
2017-03-06T13:02:44.70-0500 [STG/0]      OUT Downloaded dotnet-core_v1_0_6-20161205-0912
2017-03-06T13:02:44.70-0500 [STG/0]      OUT Downloaded liberty-for-java_v3_4_1-20161030-2241
2017-03-06T13:02:44.70-0500 [STG/0]      OUT Downloaded liberty-for-java_v3_5-20161114-1152
2017-03-06T13:02:44.71-0500 [STG/0]      OUT Downloaded sdk-for-nodejs_v3_9-20161128-1327
2017-03-06T13:02:44.71-0500 [STG/0]      OUT Creating container
2017-03-06T13:02:51.51-0500 [CELL/0]     OUT Destroying container
2017-03-06T13:02:52.46-0500 [STG/0]      OUT Successfully created container
2017-03-06T13:02:52.47-0500 [STG/0]      OUT Downloading app package...
2017-03-06T13:02:52.73-0500 [STG/0]      OUT Downloaded app package (73K)
2017-03-06T13:02:52.73-0500 [STG/0]      OUT Downloading build artifacts cache...
2017-03-06T13:02:53.21-0500 [STG/0]      OUT Downloaded build artifacts cache (485.6K)
2017-03-06T13:02:53.21-0500 [STG/0]      OUT Staging...
2017-03-06T13:02:54.70-0500 [STG/0]      OUT -----> IBM SDK for Node.js Buildpack v3.10-20170119-1146
2017-03-06T13:02:54.72-0500 [STG/0]      OUT -----> Creating runtime environment
2017-03-06T13:02:54.75-0500 [STG/0]      OUT        
2017-03-06T13:02:54.76-0500 [STG/0]      OUT        NPM_CONFIG_LOGLEVEL=error
2017-03-06T13:02:54.76-0500 [STG/0]      OUT        NPM_CONFIG_PRODUCTION=true
2017-03-06T13:02:54.76-0500 [STG/0]      OUT        NODE_ENV=production
2017-03-06T13:02:54.76-0500 [STG/0]      OUT        NODE_MODULES_CACHE=true
2017-03-06T13:02:54.77-0500 [STG/0]      OUT -----> Installing binaries
2017-03-06T13:02:54.80-0500 [STG/0]      OUT        engines.node (package.json):  4.x
2017-03-06T13:02:54.80-0500 [STG/0]      OUT        engines.npm (package.json):   unspecified (use default)
2017-03-06T13:02:54.80-0500 [STG/0]      OUT        
2017-03-06T13:02:55.05-0500 [STG/0]      OUT        Installing IBM SDK for Node.js (4.7.2) from cache
2017-03-06T13:02:56.36-0500 [CELL/0]     OUT Successfully destroyed container
2017-03-06T13:02:56.86-0500 [STG/0]      OUT        Using default npm version: 2.15.11
2017-03-06T13:02:56.86-0500 [STG/0]      OUT -----> Restoring cache
2017-03-06T13:02:57.24-0500 [STG/0]      OUT        Loading 2 from cacheDirectories (default):
2017-03-06T13:02:57.24-0500 [STG/0]      OUT        - node_modules
2017-03-06T13:02:57.24-0500 [STG/0]      OUT -----> Building dependencies
2017-03-06T13:02:57.24-0500 [STG/0]      OUT        Installing node modules (package.json)
2017-03-06T13:03:19.36-0500 [STG/0]      OUT        express-messages@1.0.1 node_modules/express-messages
2017-03-06T13:03:19.36-0500 [STG/0]      OUT        
2017-03-06T13:03:19.36-0500 [STG/0]      OUT        connect-flash@0.1.1 node_modules/connect-flash
2017-03-06T13:03:19.36-0500 [STG/0]      OUT        serve-favicon@2.3.2 node_modules/serve-favicon
2017-03-06T13:03:19.36-0500 [STG/0]      OUT        ├── ms@0.7.2
2017-03-06T13:03:19.36-0500 [STG/0]      OUT        ├── fresh@0.3.0
2017-03-06T13:03:19.36-0500 [STG/0]      OUT        └── etag@1.7.0
2017-03-06T13:03:19.36-0500 [STG/0]      OUT        
2017-03-06T13:03:19.36-0500 [STG/0]      OUT        cookie-parser@1.3.5 node_modules/cookie-parser
2017-03-06T13:03:19.36-0500 [STG/0]      OUT        ├── cookie@0.1.3
2017-03-06T13:03:19.36-0500 [STG/0]      OUT        └── cookie-signature@1.0.6
2017-03-06T13:03:19.36-0500 [STG/0]      OUT        
2017-03-06T13:03:19.36-0500 [STG/0]      OUT        passport-http@0.3.0 node_modules/passport-http
2017-03-06T13:03:19.36-0500 [STG/0]      OUT        └── passport-strategy@1.0.0
2017-03-06T13:03:19.36-0500 [STG/0]      OUT        
2017-03-06T13:03:19.36-0500 [STG/0]      OUT        passport-local@1.0.0 node_modules/passport-local
2017-03-06T13:03:19.36-0500 [STG/0]      OUT        └── passport-strategy@1.0.0
2017-03-06T13:03:19.36-0500 [STG/0]      OUT        
2017-03-06T13:03:19.36-0500 [STG/0]      OUT        passport@0.3.2 node_modules/passport
2017-03-06T13:03:19.36-0500 [STG/0]      OUT        ├── passport-strategy@1.0.0
2017-03-06T13:03:19.36-0500 [STG/0]      OUT        └── pause@0.0.1
2017-03-06T13:03:19.36-0500 [STG/0]      OUT        
2017-03-06T13:03:19.37-0500 [STG/0]      OUT        debug@2.2.0 node_modules/debug
2017-03-06T13:03:19.37-0500 [STG/0]      OUT        
2017-03-06T13:03:19.37-0500 [STG/0]      OUT        bcryptjs@2.4.3 node_modules/bcryptjs
2017-03-06T13:03:19.37-0500 [STG/0]      OUT        
2017-03-06T13:03:19.37-0500 [STG/0]      OUT        morgan@1.6.1 node_modules/morgan
2017-03-06T13:03:19.37-0500 [STG/0]      OUT        ├── on-headers@1.0.1
2017-03-06T13:03:19.37-0500 [STG/0]      OUT        ├── depd@1.0.1
2017-03-06T13:03:19.37-0500 [STG/0]      OUT        └── on-finished@2.3.0 (ee-first@1.1.1)
2017-03-06T13:03:19.37-0500 [STG/0]      OUT        
2017-03-06T13:03:19.37-0500 [STG/0]      OUT        ├── cookie-signature@1.0.6
2017-03-06T13:03:19.37-0500 [STG/0]      OUT        ├── on-headers@1.0.1
2017-03-06T13:03:19.37-0500 [STG/0]      OUT        ├── cookie@0.3.1
2017-03-06T13:03:19.37-0500 [STG/0]      OUT        ├── parseurl@1.3.1
2017-03-06T13:03:19.37-0500 [STG/0]      OUT        ├── depd@1.1.0
2017-03-06T13:03:19.37-0500 [STG/0]      OUT        ├── crc@3.4.4
2017-03-06T13:03:19.37-0500 [STG/0]      OUT        └── debug@2.6.1 (ms@0.7.2)
2017-03-06T13:03:19.37-0500 [STG/0]      OUT        
2017-03-06T13:03:19.37-0500 [STG/0]      OUT        body-parser@1.13.3 node_modules/body-parser
2017-03-06T13:03:19.37-0500 [STG/0]      OUT        ├── bytes@2.1.0
2017-03-06T13:03:19.37-0500 [STG/0]      OUT        ├── content-type@1.0.2
2017-03-06T13:03:19.37-0500 [STG/0]      OUT        ├── depd@1.0.1
2017-03-06T13:03:19.37-0500 [STG/0]      OUT        ├── qs@4.0.0
2017-03-06T13:03:19.37-0500 [STG/0]      OUT        ├── on-finished@2.3.0 (ee-first@1.1.1)
2017-03-06T13:03:19.37-0500 [STG/0]      OUT        ├── iconv-lite@0.4.11
2017-03-06T13:03:19.37-0500 [STG/0]      OUT        ├── type-is@1.6.14 (media-typer@0.3.0, mime-types@2.1.14)
2017-03-06T13:03:19.37-0500 [STG/0]      OUT        └── raw-body@2.1.7 (unpipe@1.0.0, bytes@2.4.0, iconv-lite@0.4.13)
2017-03-06T13:03:19.37-0500 [STG/0]      OUT        
2017-03-06T13:03:19.37-0500 [STG/0]      OUT        multer@1.3.0 node_modules/multer
2017-03-06T13:03:19.37-0500 [STG/0]      OUT        ├── object-assign@3.0.0
2017-03-06T13:03:19.37-0500 [STG/0]      OUT        ├── append-field@0.1.0
2017-03-06T13:03:19.37-0500 [STG/0]      OUT        ├── xtend@4.0.1
2017-03-06T13:03:19.37-0500 [STG/0]      OUT        ├── type-is@1.6.14 (media-typer@0.3.0, mime-types@2.1.14)
2017-03-06T13:03:19.37-0500 [STG/0]      OUT        ├── concat-stream@1.6.0 (inherits@2.0.3, typedarray@0.0.6, readable-stream@2.2.3)
2017-03-06T13:03:19.37-0500 [STG/0]      OUT        └── busboy@0.2.14 (readable-stream@1.1.14, dicer@0.2.5)
2017-03-06T13:03:19.37-0500 [STG/0]      OUT        
2017-03-06T13:03:19.37-0500 [STG/0]      OUT        jade@1.11.0 node_modules/jade
2017-03-06T13:03:19.37-0500 [STG/0]      OUT        ├── commander@2.6.0
2017-03-06T13:03:19.37-0500 [STG/0]      OUT        ├── character-parser@1.2.1
2017-03-06T13:03:19.37-0500 [STG/0]      OUT        ├── void-elements@2.0.1
2017-03-06T13:03:19.37-0500 [STG/0]      OUT        ├── mkdirp@0.5.1 (minimist@0.0.8)
2017-03-06T13:03:19.37-0500 [STG/0]      OUT        ├── jstransformer@0.0.2 (is-promise@2.1.0, promise@6.1.0)
2017-03-06T13:03:19.37-0500 [STG/0]      OUT        ├── with@4.0.3 (acorn@1.2.2, acorn-globals@1.0.9)
2017-03-06T13:03:19.37-0500 [STG/0]      OUT        ├── transformers@2.1.0 (promise@2.0.0, css@1.0.8, uglify-js@2.2.5)
2017-03-06T13:03:19.37-0500 [STG/0]      OUT        └── uglify-js@2.8.7 (uglify-to-browserify@1.0.2, source-map@0.5.6, yargs@3.10.0)
2017-03-06T13:03:19.37-0500 [STG/0]      OUT        
2017-03-06T13:03:19.37-0500 [STG/0]      OUT        express-validator@3.1.2 node_modules/express-validator
2017-03-06T13:03:19.37-0500 [STG/0]      OUT        ├── @types/bluebird@3.0.37
2017-03-06T13:03:19.37-0500 [STG/0]      OUT        ├── bluebird@3.5.0
2017-03-06T13:03:19.37-0500 [STG/0]      OUT        ├── @types/express@4.0.35 (@types/serve-static@1.7.31, @types/express-serve-static-core@4.0.40)
2017-03-06T13:03:19.37-0500 [STG/0]      OUT        ├── validator@6.2.1
2017-03-06T13:03:19.37-0500 [STG/0]      OUT        └── lodash@4.17.4
2017-03-06T13:03:19.37-0500 [STG/0]      OUT        
2017-03-06T13:03:19.37-0500 [STG/0]      OUT        ├── request@2.76.0 (tunnel-agent@0.4.3, aws-sign2@0.6.0, oauth-sign@0.8.2, forever-agent@0.6.1, is-typedarray@1.0.0, caseless@0.11.0, stringstream@0.0.5, aws4@1.6.0, isstream@0.1.2, json-stringify-safe@5.0.1, extend@3.0.0, node-uuid@1.4.7, qs@6.3.2, mime-types@2.1.14, combined-stream@1.0.5, tough-cookie@2.3.2, form-data@2.1.2, hawk@3.1.3, http-signature@1.1.1, har-validator@2.0.6)
2017-03-06T13:03:19.37-0500 [STG/0]      OUT        ├── cloudant-nano@6.4.1 (underscore@1.8.3, errs@0.3.2, follow@0.12.1)
2017-03-06T13:03:19.37-0500 [STG/0]      OUT        └── async@2.1.2 (lodash@4.17.4)
2017-03-06T13:03:19.40-0500 [STG/0]      OUT -----> Installing App Management
2017-03-06T13:03:23.26-0500 [STG/0]      OUT -----> Caching build
2017-03-06T13:03:23.27-0500 [STG/0]      OUT        Clearing previous node cache
2017-03-06T13:03:23.29-0500 [STG/0]      OUT        Saving 2 cacheDirectories (default):
2017-03-06T13:03:23.29-0500 [STG/0]      OUT        - node_modules
2017-03-06T13:03:25.96-0500 [STG/0]      OUT        - bower_components (nothing to cache)
2017-03-06T13:03:26.28-0500 [STG/0]      OUT -----> Build succeeded!
2017-03-06T13:03:27.15-0500 [STG/0]      OUT        ├── bcryptjs@2.4.3
2017-03-06T13:03:27.15-0500 [STG/0]      OUT        ├── body-parser@1.13.3
2017-03-06T13:03:27.15-0500 [STG/0]      OUT        ├── cfenv@1.0.4
2017-03-06T13:03:27.15-0500 [STG/0]      OUT        ├── connect-flash@0.1.1
2017-03-06T13:03:27.15-0500 [STG/0]      OUT        ├── debug@2.2.0
2017-03-06T13:03:27.15-0500 [STG/0]      OUT        ├── express-messages@1.0.1
2017-03-06T13:03:27.15-0500 [STG/0]      OUT        ├── express-session@1.15.1
2017-03-06T13:03:27.15-0500 [STG/0]      OUT        ├── jade@1.11.0
2017-03-06T13:03:27.15-0500 [STG/0]      OUT        ├── morgan@1.6.1
2017-03-06T13:03:27.15-0500 [STG/0]      OUT        ├── multer@1.3.0
2017-03-06T13:03:27.15-0500 [STG/0]      OUT        ├── passport@0.3.2
2017-03-06T13:03:27.15-0500 [STG/0]      OUT        ├── passport-http@0.3.0
2017-03-06T13:03:27.15-0500 [STG/0]      OUT        ├── passport-local@1.0.0
2017-03-06T13:03:37.36-0500 [STG/0]      OUT Exit status 0
2017-03-06T13:03:37.36-0500 [STG/0]      OUT Staging complete
2017-03-06T13:03:37.36-0500 [STG/0]      OUT Uploading droplet, build artifacts cache...
2017-03-06T13:03:37.36-0500 [STG/0]      OUT Uploading build artifacts cache...
2017-03-06T13:03:37.36-0500 [STG/0]      OUT Uploading droplet...
2017-03-06T13:03:37.60-0500 [STG/0]      OUT Uploaded build artifacts cache (5.3M)
2017-03-06T13:03:41.14-0500 [STG/0]      OUT Uploaded droplet (22M)
2017-03-06T13:03:41.14-0500 [STG/0]      OUT Uploading complete
2017-03-06T13:03:41.32-0500 [STG/0]      OUT Destroying container
2017-03-06T13:03:42.08-0500 [CELL/0]     OUT Creating container
2017-03-06T13:03:49.51-0500 [STG/0]      OUT Successfully destroyed container
2017-03-06T13:03:53.23-0500 [CELL/0]     OUT Successfully created container
2017-03-06T13:03:57.91-0500 [APP/0]      OUT > NodejsStarterApp@0.0.1 start /home/vcap/app
2017-03-06T13:03:57.91-0500 [APP/0]      OUT > node app.js
2017-03-06T13:03:59.25-0500 [APP/0]      ERR var cloudant_service = vcapServices.cloudantNoSQLDB[0].credentials;
2017-03-06T13:03:59.25-0500 [APP/0]      ERR TypeError: Cannot read property '0' of undefined
2017-03-06T13:03:59.25-0500 [APP/0]      ERR     at Module._compile (module.js:409:26)
2017-03-06T13:03:59.25-0500 [APP/0]      ERR     at Object.Module._extensions..js (module.js:416:10)
2017-03-06T13:03:59.25-0500 [APP/0]      ERR     at Function.Module._load (module.js:300:12)
2017-03-06T13:03:59.25-0500 [APP/0]      ERR     at require (internal/module.js:12:17)
2017-03-06T13:03:59.25-0500 [APP/0]      ERR     at Module._compile (module.js:409:26)
2017-03-06T13:03:59.25-0500 [APP/0]      ERR     at Object.Module._extensions..js (module.js:416:10)
2017-03-06T13:03:59.25-0500 [APP/0]      ERR     at Module.load (module.js:343:32)
2017-03-06T13:03:59.25-0500 [APP/0]      ERR     at Function.Module._load (module.js:300:12)
2017-03-06T13:03:59.25-0500 [APP/0]      ERR     at Function.Module.runMain (module.js:441:10)
2017-03-06T13:03:59.25-0500 [APP/0]      ERR     at startup (node.js:139:18)
2017-03-06T13:03:59.25-0500 [APP/0]      ERR     at node.js:990:3
2017-03-06T13:03:59.27-0500 [APP/0]      ERR npm ERR! Linux 4.4.0-45-generic
2017-03-06T13:03:59.28-0500 [APP/0]      ERR npm ERR! argv "/home/vcap/app/vendor/node/bin/node" "/home/vcap/app/vendor/node/bin/npm" "start"
2017-03-06T13:03:59.28-0500 [APP/0]      ERR npm ERR! node v4.7.2
2017-03-06T13:03:59.28-0500 [APP/0]      ERR npm ERR! npm  v2.15.11
2017-03-06T13:03:59.28-0500 [APP/0]      ERR npm ERR! code ELIFECYCLE
2017-03-06T13:03:59.28-0500 [APP/0]      ERR npm ERR! NodejsStarterApp@0.0.1 start: `node app.js`
2017-03-06T13:03:59.28-0500 [APP/0]      ERR npm ERR! Exit status 1
2017-03-06T13:03:59.28-0500 [APP/0]      ERR npm ERR! Failed at the NodejsStarterApp@0.0.1 start script 'node app.js'.
2017-03-06T13:03:59.28-0500 [APP/0]      ERR npm ERR! This is most likely a problem with the NodejsStarterApp package,
2017-03-06T13:03:59.28-0500 [APP/0]      ERR npm ERR! not with npm itself.
2017-03-06T13:03:59.28-0500 [APP/0]      ERR npm ERR!     node app.js
2017-03-06T13:03:59.28-0500 [APP/0]      ERR npm ERR! You can get information on how to open an issue for this project with:
2017-03-06T13:03:59.28-0500 [APP/0]      ERR npm ERR!     npm bugs NodejsStarterApp
2017-03-06T13:03:59.28-0500 [APP/0]      ERR npm ERR! Or if that isn't available, you can get their info via:
2017-03-06T13:03:59.28-0500 [APP/0]      ERR npm ERR! 
2017-03-06T13:03:59.28-0500 [APP/0]      ERR npm ERR!     npm owner ls NodejsStarterApp
2017-03-06T13:03:59.28-0500 [APP/0]      ERR npm ERR! There is likely additional logging output above.
2017-03-06T13:03:59.28-0500 [APP/0]      ERR npm ERR! Please include the following file with any support request:
2017-03-06T13:03:59.29-0500 [APP/0]      OUT Exit status 1
2017-03-06T13:03:59.37-0500 [CELL/0]     OUT Exit status 0
2017-03-06T13:03:59.41-0500 [CELL/0]     OUT Destroying container
2017-03-06T13:04:00.27-0500 [CELL/0]     OUT Creating container
2017-03-06T13:04:05.39-0500 [CELL/0]     OUT Successfully destroyed container
2017-03-06T13:04:11.75-0500 [CELL/0]     OUT Successfully created container
2017-03-06T13:04:14.89-0500 [CELL/0]     OUT Starting health monitoring of container
2017-03-06T13:04:16.36-0500 [APP/0]      OUT > NodejsStarterApp@0.0.1 start /home/vcap/app
2017-03-06T13:04:16.36-0500 [APP/0]      OUT > node app.js
2017-03-06T13:04:17.91-0500 [APP/0]      ERR /home/vcap/app/routes/index.js:7
2017-03-06T13:04:17.91-0500 [APP/0]      ERR var cloudant_service = vcapServices.cloudantNoSQLDB[0].credentials;
2017-03-06T13:04:17.91-0500 [APP/0]      ERR                                                    ^
2017-03-06T13:04:17.91-0500 [APP/0]      ERR TypeError: Cannot read property '0' of undefined
2017-03-06T13:04:17.91-0500 [APP/0]      ERR     at Object.<anonymous> (/home/vcap/app/routes/index.js:7:52)
2017-03-06T13:04:17.91-0500 [APP/0]      ERR     at Module._compile (module.js:409:26)
2017-03-06T13:04:17.91-0500 [APP/0]      ERR     at Object.Module._extensions..js (module.js:416:10)
2017-03-06T13:04:17.91-0500 [APP/0]      ERR     at Function.Module._load (module.js:300:12)
2017-03-06T13:04:17.91-0500 [APP/0]      ERR     at Module.require (module.js:353:17)
2017-03-06T13:04:17.91-0500 [APP/0]      ERR     at require (internal/module.js:12:17)
2017-03-06T13:04:17.91-0500 [APP/0]      ERR     at Object.<anonymous> (/home/vcap/app/app.js:25:14)
2017-03-06T13:04:17.91-0500 [APP/0]      ERR     at Module._compile (module.js:409:26)
2017-03-06T13:04:17.91-0500 [APP/0]      ERR     at Object.Module._extensions..js (module.js:416:10)
2017-03-06T13:04:17.91-0500 [APP/0]      ERR     at Module.load (module.js:343:32)
2017-03-06T13:04:17.91-0500 [APP/0]      ERR     at Function.Module._load (module.js:300:12)
2017-03-06T13:04:17.91-0500 [APP/0]      ERR     at Function.Module.runMain (module.js:441:10)
2017-03-06T13:04:17.91-0500 [APP/0]      ERR     at startup (node.js:139:18)
2017-03-06T13:04:17.91-0500 [APP/0]      ERR     at node.js:990:3
2017-03-06T13:04:17.97-0500 [APP/0]      ERR npm ERR! Linux 4.4.0-45-generic
2017-03-06T13:04:17.97-0500 [APP/0]      ERR npm ERR! argv "/home/vcap/app/vendor/node/bin/node" "/home/vcap/app/vendor/node/bin/npm" "start"
2017-03-06T13:04:17.97-0500 [APP/0]      ERR npm ERR! node v4.7.2
2017-03-06T13:04:17.97-0500 [APP/0]      ERR npm ERR! npm  v2.15.11
2017-03-06T13:04:17.97-0500 [APP/0]      ERR npm ERR! NodejsStarterApp@0.0.1 start: `node app.js`
2017-03-06T13:04:17.97-0500 [APP/0]      ERR npm ERR! Exit status 1
2017-03-06T13:04:17.97-0500 [APP/0]      ERR npm ERR! 
2017-03-06T13:04:17.97-0500 [APP/0]      ERR npm ERR! Failed at the NodejsStarterApp@0.0.1 start script 'node app.js'.
2017-03-06T13:04:17.97-0500 [APP/0]      ERR npm ERR! This is most likely a problem with the NodejsStarterApp package,
2017-03-06T13:04:17.97-0500 [APP/0]      ERR npm ERR! not with npm itself.
2017-03-06T13:04:17.97-0500 [APP/0]      ERR npm ERR! Tell the author that this fails on your system:
2017-03-06T13:04:17.97-0500 [APP/0]      ERR npm ERR!     node app.js
2017-03-06T13:04:17.97-0500 [APP/0]      ERR npm ERR! You can get information on how to open an issue for this project with:
2017-03-06T13:04:17.97-0500 [APP/0]      ERR npm ERR!     npm bugs NodejsStarterApp
2017-03-06T13:04:17.97-0500 [APP/0]      ERR npm ERR! 
2017-03-06T13:04:17.97-0500 [APP/0]      ERR npm ERR!     npm owner ls NodejsStarterApp
2017-03-06T13:04:17.97-0500 [APP/0]      ERR npm ERR! There is likely additional logging output above.
2017-03-06T13:04:17.98-0500 [APP/0]      ERR npm ERR!     /home/vcap/app/npm-debug.log
2017-03-06T13:04:18.01-0500 [APP/0]      OUT Exit status 1
2017-03-06T13:04:18.06-0500 [CELL/0]     OUT Exit status 0
2017-03-06T13:04:18.09-0500 [CELL/0]     OUT Destroying container
2017-03-06T13:04:18.10-0500 [API/6]      OUT App instance exited with guid e5ddb78f-12e9-4ebc-9fe9-2e7bc9f1f9a3 payload: {"instance"=>"", "index"=>0, "reason"=>"CRASHED", "exit_description"=>"2 error(s) occurred:\n\n* 2 error(s) occurred:\n\n* Exited with status 1\n* cancelled\n* cancelled", "crash_count"=>2, "crash_timestamp"=>1488823458070795279, "version"=>"c135dfd8-e9a4-460d-8a4b-7a45e42c8b34"}
2017-03-06T13:04:18.73-0500 [CELL/0]     OUT Creating container
2017-03-06T13:04:25.35-0500 [CELL/0]     OUT Successfully destroyed container
2017-03-06T13:04:27.92-0500 [CELL/0]     OUT Successfully created container
2017-03-06T13:04:31.13-0500 [CELL/0]     OUT Starting health monitoring of container
2017-03-06T13:04:33.08-0500 [APP/0]      OUT > NodejsStarterApp@0.0.1 start /home/vcap/app
2017-03-06T13:04:34.85-0500 [APP/0]      ERR /home/vcap/app/routes/index.js:7
2017-03-06T13:04:34.85-0500 [APP/0]      ERR var cloudant_service = vcapServices.cloudantNoSQLDB[0].credentials;
2017-03-06T13:04:34.85-0500 [APP/0]      ERR                                                    ^
2017-03-06T13:04:34.85-0500 [APP/0]      ERR TypeError: Cannot read property '0' of undefined
2017-03-06T13:04:34.85-0500 [APP/0]      ERR     at Object.<anonymous> (/home/vcap/app/routes/index.js:7:52)
2017-03-06T13:04:34.85-0500 [APP/0]      ERR     at Module._compile (module.js:409:26)
2017-03-06T13:04:34.85-0500 [APP/0]      ERR     at Object.Module._extensions..js (module.js:416:10)
2017-03-06T13:04:34.85-0500 [APP/0]      ERR     at Module.load (module.js:343:32)
2017-03-06T13:04:34.85-0500 [APP/0]      ERR     at Module.require (module.js:353:17)
2017-03-06T13:04:34.85-0500 [APP/0]      ERR     at require (internal/module.js:12:17)
2017-03-06T13:04:34.85-0500 [APP/0]      ERR     at Module._compile (module.js:409:26)
2017-03-06T13:04:34.85-0500 [APP/0]      ERR     at Object.Module._extensions..js (module.js:416:10)
2017-03-06T13:04:34.85-0500 [APP/0]      ERR     at Module.load (module.js:343:32)
2017-03-06T13:04:34.85-0500 [APP/0]      ERR     at Function.Module._load (module.js:300:12)
2017-03-06T13:04:34.85-0500 [APP/0]      ERR     at startup (node.js:139:18)
2017-03-06T13:04:34.85-0500 [APP/0]      ERR     at node.js:990:3
2017-03-06T13:04:34.89-0500 [APP/0]      ERR npm ERR! Linux 4.4.0-45-generic
2017-03-06T13:04:34.89-0500 [APP/0]      ERR npm ERR! argv "/home/vcap/app/vendor/node/bin/node" "/home/vcap/app/vendor/node/bin/npm" "start"
2017-03-06T13:04:34.89-0500 [APP/0]      ERR npm ERR! node v4.7.2
2017-03-06T13:04:34.90-0500 [APP/0]      ERR npm ERR! NodejsStarterApp@0.0.1 start: `node app.js`
2017-03-06T13:04:34.90-0500 [APP/0]      ERR npm ERR! Exit status 1
2017-03-06T13:04:34.90-0500 [APP/0]      ERR npm ERR! 
2017-03-06T13:04:34.90-0500 [APP/0]      ERR npm ERR! Failed at the NodejsStarterApp@0.0.1 start script 'node app.js'.
2017-03-06T13:04:34.90-0500 [APP/0]      ERR npm ERR! This is most likely a problem with the NodejsStarterApp package,
2017-03-06T13:04:34.90-0500 [APP/0]      ERR npm ERR! not with npm itself.
2017-03-06T13:04:34.90-0500 [APP/0]      ERR npm ERR! Tell the author that this fails on your system:
2017-03-06T13:04:34.90-0500 [APP/0]      ERR npm ERR!     node app.js
2017-03-06T13:04:34.90-0500 [APP/0]      ERR npm ERR!     npm bugs NodejsStarterApp
2017-03-06T13:04:34.90-0500 [APP/0]      ERR npm ERR! Or if that isn't available, you can get their info via:
2017-03-06T13:04:34.90-0500 [APP/0]      ERR npm ERR! 
2017-03-06T13:04:34.90-0500 [APP/0]      ERR npm ERR!     npm owner ls NodejsStarterApp
2017-03-06T13:04:34.90-0500 [APP/0]      ERR npm ERR! There is likely additional logging output above.
2017-03-06T13:04:34.91-0500 [APP/0]      ERR npm ERR! Please include the following file with any support request:
2017-03-06T13:04:34.94-0500 [APP/0]      OUT Exit status 1
2017-03-06T13:04:34.99-0500 [CELL/0]     OUT Exit status 0
2017-03-06T13:04:35.01-0500 [CELL/0]     OUT Destroying container
2017-03-06T13:04:41.56-0500 [CELL/0]     OUT Successfully destroyed container
2017-03-06T13:05:31.31-0500 [CELL/0]     OUT Creating container
2017-03-06T13:05:40.36-0500 [CELL/0]     OUT Successfully created container
2017-03-06T13:05:43.32-0500 [CELL/0]     OUT Starting health monitoring of container
2017-03-06T13:05:44.45-0500 [APP/0]      OUT > NodejsStarterApp@0.0.1 start /home/vcap/app
2017-03-06T13:05:45.70-0500 [APP/0]      ERR /home/vcap/app/routes/index.js:7
2017-03-06T13:05:45.70-0500 [APP/0]      ERR var cloudant_service = vcapServices.cloudantNoSQLDB[0].credentials;
2017-03-06T13:05:45.70-0500 [APP/0]      ERR                                                    ^
2017-03-06T13:05:45.70-0500 [APP/0]      ERR TypeError: Cannot read property '0' of undefined
2017-03-06T13:05:45.70-0500 [APP/0]      ERR     at Object.<anonymous> (/home/vcap/app/routes/index.js:7:52)
2017-03-06T13:05:45.70-0500 [APP/0]      ERR     at Module._compile (module.js:409:26)
2017-03-06T13:05:45.70-0500 [APP/0]      ERR     at Object.Module._extensions..js (module.js:416:10)
2017-03-06T13:05:45.70-0500 [APP/0]      ERR     at Module.load (module.js:343:32)
2017-03-06T13:05:45.70-0500 [APP/0]      ERR     at Module.require (module.js:353:17)
2017-03-06T13:05:45.70-0500 [APP/0]      ERR     at require (internal/module.js:12:17)
2017-03-06T13:05:45.70-0500 [APP/0]      ERR     at Object.<anonymous> (/home/vcap/app/app.js:25:14)
2017-03-06T13:05:45.70-0500 [APP/0]      ERR     at Module._compile (module.js:409:26)
2017-03-06T13:05:45.70-0500 [APP/0]      ERR     at Object.Module._extensions..js (module.js:416:10)
2017-03-06T13:05:45.70-0500 [APP/0]      ERR     at Module.load (module.js:343:32)
2017-03-06T13:05:45.70-0500 [APP/0]      ERR     at Function.Module._load (module.js:300:12)
2017-03-06T13:05:45.70-0500 [APP/0]      ERR     at Function.Module.runMain (module.js:441:10)
2017-03-06T13:05:45.70-0500 [APP/0]      ERR     at startup (node.js:139:18)
2017-03-06T13:05:45.72-0500 [APP/0]      ERR npm ERR! Linux 4.4.0-45-generic
2017-03-06T13:05:45.72-0500 [APP/0]      ERR npm ERR! argv "/home/vcap/app/vendor/node/bin/node" "/home/vcap/app/vendor/node/bin/npm" "start"
2017-03-06T13:05:45.72-0500 [APP/0]      ERR npm ERR! node v4.7.2
2017-03-06T13:05:45.72-0500 [APP/0]      ERR npm ERR! code ELIFECYCLE
2017-03-06T13:05:45.72-0500 [APP/0]      ERR npm ERR! NodejsStarterApp@0.0.1 start: `node app.js`
2017-03-06T13:05:45.72-0500 [APP/0]      ERR npm ERR! Exit status 1
2017-03-06T13:05:45.72-0500 [APP/0]      ERR npm ERR! 
2017-03-06T13:05:45.72-0500 [APP/0]      ERR npm ERR! Failed at the NodejsStarterApp@0.0.1 start script 'node app.js'.
2017-03-06T13:05:45.72-0500 [APP/0]      ERR npm ERR! This is most likely a problem with the NodejsStarterApp package,
2017-03-06T13:05:45.72-0500 [APP/0]      ERR npm ERR! not with npm itself.
2017-03-06T13:05:45.72-0500 [APP/0]      ERR npm ERR!     node app.js
2017-03-06T13:05:45.72-0500 [APP/0]      ERR npm ERR! You can get information on how to open an issue for this project with:
2017-03-06T13:05:45.72-0500 [APP/0]      ERR npm ERR!     npm bugs NodejsStarterApp
2017-03-06T13:05:45.72-0500 [APP/0]      ERR npm ERR! Or if that isn't available, you can get their info via:
2017-03-06T13:05:45.72-0500 [APP/0]      ERR npm ERR! 
2017-03-06T13:05:45.72-0500 [APP/0]      ERR npm ERR!     npm owner ls NodejsStarterApp
2017-03-06T13:05:45.72-0500 [APP/0]      ERR npm ERR! There is likely additional logging output above.
2017-03-06T13:05:45.72-0500 [APP/0]      ERR npm ERR! Please include the following file with any support request:
2017-03-06T13:05:45.72-0500 [APP/0]      ERR npm ERR!     /home/vcap/app/npm-debug.log
2017-03-06T13:05:45.73-0500 [APP/0]      OUT Exit status 1
2017-03-06T13:05:45.87-0500 [CELL/0]     OUT Exit status 0
2017-03-06T13:05:45.90-0500 [API/2]      OUT App instance exited with guid e5ddb78f-12e9-4ebc-9fe9-2e7bc9f1f9a3 payload: {"instance"=>"", "index"=>0, "reason"=>"CRASHED", "exit_description"=>"2 error(s) occurred:\n\n* 2 error(s) occurred:\n\n* Exited with status 1\n* cancelled\n* cancelled", "crash_count"=>4, "crash_timestamp"=>1488823545881349242, "version"=>"c135dfd8-e9a4-460d-8a4b-7a45e42c8b34"}
2017-03-06T13:05:51.70-0500 [CELL/0]     OUT Successfully destroyed container
2017-03-06T13:07:16.11-0500 [CELL/0]     OUT Creating container
2017-03-06T13:07:23.27-0500 [CELL/0]     OUT Successfully created container
2017-03-06T13:07:25.66-0500 [CELL/0]     OUT Starting health monitoring of container
2017-03-06T13:07:26.57-0500 [APP/0]      OUT > NodejsStarterApp@0.0.1 start /home/vcap/app
2017-03-06T13:07:26.57-0500 [APP/0]      OUT > node app.js
2017-03-06T13:07:27.40-0500 [APP/0]      ERR /home/vcap/app/routes/index.js:7
2017-03-06T13:07:27.40-0500 [APP/0]      ERR var cloudant_service = vcapServices.cloudantNoSQLDB[0].credentials;
2017-03-06T13:07:27.40-0500 [APP/0]      ERR                                                    ^
2017-03-06T13:07:27.40-0500 [APP/0]      ERR TypeError: Cannot read property '0' of undefined
2017-03-06T13:07:27.40-0500 [APP/0]      ERR     at Module._compile (module.js:409:26)
2017-03-06T13:07:27.40-0500 [APP/0]      ERR     at Object.Module._extensions..js (module.js:416:10)
2017-03-06T13:07:27.40-0500 [APP/0]      ERR     at Module.load (module.js:343:32)
2017-03-06T13:07:27.40-0500 [APP/0]      ERR     at Function.Module._load (module.js:300:12)
2017-03-06T13:07:27.40-0500 [APP/0]      ERR     at Module.require (module.js:353:17)
2017-03-06T13:07:27.40-0500 [APP/0]      ERR     at require (internal/module.js:12:17)
2017-03-06T13:07:27.40-0500 [APP/0]      ERR     at Object.<anonymous> (/home/vcap/app/app.js:25:14)
2017-03-06T13:07:27.40-0500 [APP/0]      ERR     at Module._compile (module.js:409:26)
2017-03-06T13:07:27.40-0500 [APP/0]      ERR     at Object.Module._extensions..js (module.js:416:10)
2017-03-06T13:07:27.40-0500 [APP/0]      ERR     at Function.Module.runMain (module.js:441:10)
2017-03-06T13:07:27.40-0500 [APP/0]      ERR     at startup (node.js:139:18)
2017-03-06T13:07:27.40-0500 [APP/0]      ERR     at node.js:990:3
2017-03-06T13:07:27.42-0500 [APP/0]      ERR npm ERR! Linux 4.4.0-45-generic
2017-03-06T13:07:27.42-0500 [APP/0]      ERR npm ERR! argv "/home/vcap/app/vendor/node/bin/node" "/home/vcap/app/vendor/node/bin/npm" "start"
2017-03-06T13:07:27.42-0500 [APP/0]      ERR npm ERR! node v4.7.2
2017-03-06T13:07:27.42-0500 [APP/0]      ERR npm ERR! npm  v2.15.11
2017-03-06T13:07:27.42-0500 [APP/0]      ERR npm ERR! code ELIFECYCLE
2017-03-06T13:07:27.42-0500 [APP/0]      ERR npm ERR! NodejsStarterApp@0.0.1 start: `node app.js`
2017-03-06T13:07:27.42-0500 [APP/0]      ERR npm ERR! Exit status 1
2017-03-06T13:07:27.42-0500 [APP/0]      ERR npm ERR! Failed at the NodejsStarterApp@0.0.1 start script 'node app.js'.
2017-03-06T13:07:27.42-0500 [APP/0]      ERR npm ERR! This is most likely a problem with the NodejsStarterApp package,
2017-03-06T13:07:27.42-0500 [APP/0]      ERR npm ERR! Tell the author that this fails on your system:
2017-03-06T13:07:27.42-0500 [APP/0]      ERR npm ERR!     node app.js
2017-03-06T13:07:27.42-0500 [APP/0]      ERR npm ERR!     npm bugs NodejsStarterApp
2017-03-06T13:07:27.42-0500 [APP/0]      ERR npm ERR! Or if that isn't available, you can get their info via:
2017-03-06T13:07:27.42-0500 [APP/0]      ERR npm ERR!     npm owner ls NodejsStarterApp
2017-03-06T13:07:27.42-0500 [APP/0]      ERR npm ERR! There is likely additional logging output above.
2017-03-06T13:07:27.43-0500 [APP/0]      ERR npm ERR! Please include the following file with any support request:
2017-03-06T13:07:27.43-0500 [APP/0]      ERR npm ERR!     /home/vcap/app/npm-debug.log
2017-03-06T13:07:27.44-0500 [APP/0]      OUT Exit status 1
2017-03-06T13:07:27.47-0500 [CELL/0]     OUT Exit status 0
2017-03-06T13:07:27.48-0500 [CELL/0]     OUT Destroying container
2017-03-06T13:07:32.33-0500 [CELL/0]     OUT Successfully destroyed container
2017-03-06T13:09:33.38-0500 [CELL/0]     OUT Creating container
2017-03-06T13:09:44.22-0500 [CELL/0]     OUT Successfully created container
2017-03-06T13:09:46.45-0500 [CELL/0]     OUT Starting health monitoring of container
2017-03-06T13:09:47.67-0500 [APP/0]      OUT > NodejsStarterApp@0.0.1 start /home/vcap/app
2017-03-06T13:09:47.67-0500 [APP/0]      OUT > node app.js
2017-03-06T13:09:48.91-0500 [APP/0]      ERR /home/vcap/app/routes/index.js:7
2017-03-06T13:09:48.91-0500 [APP/0]      ERR var cloudant_service = vcapServices.cloudantNoSQLDB[0].credentials;
2017-03-06T13:09:48.91-0500 [APP/0]      ERR TypeError: Cannot read property '0' of undefined
2017-03-06T13:09:48.91-0500 [APP/0]      ERR     at Object.<anonymous> (/home/vcap/app/routes/index.js:7:52)
2017-03-06T13:09:48.91-0500 [APP/0]      ERR     at Module._compile (module.js:409:26)
2017-03-06T13:09:48.91-0500 [APP/0]      ERR     at Object.Module._extensions..js (module.js:416:10)
2017-03-06T13:09:48.91-0500 [APP/0]      ERR     at Function.Module._load (module.js:300:12)
2017-03-06T13:09:48.91-0500 [APP/0]      ERR     at Module.require (module.js:353:17)
2017-03-06T13:09:48.91-0500 [APP/0]      ERR     at require (internal/module.js:12:17)
2017-03-06T13:09:48.91-0500 [APP/0]      ERR     at Object.<anonymous> (/home/vcap/app/app.js:25:14)
2017-03-06T13:09:48.91-0500 [APP/0]      ERR     at Module._compile (module.js:409:26)
2017-03-06T13:09:48.91-0500 [APP/0]      ERR     at Module.load (module.js:343:32)
2017-03-06T13:09:48.91-0500 [APP/0]      ERR     at Function.Module._load (module.js:300:12)
2017-03-06T13:09:48.91-0500 [APP/0]      ERR     at Function.Module.runMain (module.js:441:10)
2017-03-06T13:09:48.91-0500 [APP/0]      ERR     at startup (node.js:139:18)
2017-03-06T13:09:48.91-0500 [APP/0]      ERR     at node.js:990:3
2017-03-06T13:09:48.94-0500 [APP/0]      ERR npm ERR! Linux 4.4.0-45-generic
2017-03-06T13:09:48.94-0500 [APP/0]      ERR npm ERR! argv "/home/vcap/app/vendor/node/bin/node" "/home/vcap/app/vendor/node/bin/npm" "start"
2017-03-06T13:09:48.94-0500 [APP/0]      ERR npm ERR! node v4.7.2
2017-03-06T13:09:48.94-0500 [APP/0]      ERR npm ERR! npm  v2.15.11
2017-03-06T13:09:48.94-0500 [APP/0]      ERR npm ERR! code ELIFECYCLE
2017-03-06T13:09:48.94-0500 [APP/0]      ERR npm ERR! NodejsStarterApp@0.0.1 start: `node app.js`
2017-03-06T13:09:48.94-0500 [APP/0]      ERR npm ERR! Exit status 1
2017-03-06T13:09:48.94-0500 [APP/0]      ERR npm ERR! Failed at the NodejsStarterApp@0.0.1 start script 'node app.js'.
2017-03-06T13:09:48.94-0500 [APP/0]      ERR npm ERR! This is most likely a problem with the NodejsStarterApp package,
2017-03-06T13:09:48.94-0500 [APP/0]      ERR npm ERR! not with npm itself.
2017-03-06T13:09:48.94-0500 [APP/0]      ERR npm ERR! Tell the author that this fails on your system:
2017-03-06T13:09:48.94-0500 [APP/0]      ERR npm ERR!     node app.js
2017-03-06T13:09:48.94-0500 [APP/0]      ERR npm ERR! You can get information on how to open an issue for this project with:
2017-03-06T13:09:48.94-0500 [APP/0]      ERR npm ERR! Or if that isn't available, you can get their info via:
2017-03-06T13:09:48.94-0500 [APP/0]      ERR npm ERR! 
2017-03-06T13:09:48.94-0500 [APP/0]      ERR npm ERR!     npm owner ls NodejsStarterApp
2017-03-06T13:09:48.94-0500 [APP/0]      ERR npm ERR! There is likely additional logging output above.
2017-03-06T13:09:48.94-0500 [APP/0]      ERR npm ERR! Please include the following file with any support request:
2017-03-06T13:09:48.94-0500 [APP/0]      ERR npm ERR!     /home/vcap/app/npm-debug.log
2017-03-06T13:09:48.95-0500 [APP/0]      OUT Exit status 1
2017-03-06T13:09:49.03-0500 [CELL/0]     OUT Exit status 0
2017-03-06T13:09:49.04-0500 [CELL/0]     OUT Destroying container
2017-03-06T13:09:49.06-0500 [API/6]      OUT App instance exited with guid e5ddb78f-12e9-4ebc-9fe9-2e7bc9f1f9a3 payload: {"instance"=>"", "index"=>0, "reason"=>"CRASHED", "exit_description"=>"2 error(s) occurred:\n\n* 2 error(s) occurred:\n\n* Exited with status 1\n* cancelled\n* cancelled", "crash_count"=>6, "crash_timestamp"=>1488823789040427334, "version"=>"c135dfd8-e9a4-460d-8a4b-7a45e42c8b34"}
2017-03-06T13:14:04.92-0500 [CELL/0]     OUT Creating container
2017-03-06T13:14:19.76-0500 [CELL/0]     OUT Successfully created container
2017-03-06T13:14:23.11-0500 [CELL/0]     OUT Starting health monitoring of container
2017-03-06T13:14:25.08-0500 [APP/0]      OUT > NodejsStarterApp@0.0.1 start /home/vcap/app
2017-03-06T13:14:25.08-0500 [APP/0]      OUT > node app.js
2017-03-06T13:14:26.72-0500 [APP/0]      ERR /home/vcap/app/routes/index.js:7
2017-03-06T13:14:26.72-0500 [APP/0]      ERR var cloudant_service = vcapServices.cloudantNoSQLDB[0].credentials;
2017-03-06T13:14:26.72-0500 [APP/0]      ERR                                                    ^
2017-03-06T13:14:26.72-0500 [APP/0]      ERR TypeError: Cannot read property '0' of undefined
2017-03-06T13:14:26.72-0500 [APP/0]      ERR     at Object.<anonymous> (/home/vcap/app/routes/index.js:7:52)
2017-03-06T13:14:26.72-0500 [APP/0]      ERR     at Module._compile (module.js:409:26)
2017-03-06T13:14:26.72-0500 [APP/0]      ERR     at Object.Module._extensions..js (module.js:416:10)
2017-03-06T13:14:26.72-0500 [APP/0]      ERR     at Module.load (module.js:343:32)
2017-03-06T13:14:26.72-0500 [APP/0]      ERR     at Function.Module._load (module.js:300:12)
2017-03-06T13:14:26.72-0500 [APP/0]      ERR     at require (internal/module.js:12:17)
2017-03-06T13:14:26.72-0500 [APP/0]      ERR     at Object.<anonymous> (/home/vcap/app/app.js:25:14)
2017-03-06T13:14:26.72-0500 [APP/0]      ERR     at Module._compile (module.js:409:26)
2017-03-06T13:14:26.72-0500 [APP/0]      ERR     at Object.Module._extensions..js (module.js:416:10)
2017-03-06T13:14:26.72-0500 [APP/0]      ERR     at Module.load (module.js:343:32)
2017-03-06T13:14:26.72-0500 [APP/0]      ERR     at Function.Module._load (module.js:300:12)
2017-03-06T13:14:26.72-0500 [APP/0]      ERR     at Function.Module.runMain (module.js:441:10)
2017-03-06T13:14:26.72-0500 [APP/0]      ERR     at node.js:990:3
2017-03-06T13:14:26.74-0500 [APP/0]      ERR npm ERR! Linux 4.4.0-45-generic
2017-03-06T13:14:26.75-0500 [APP/0]      ERR npm ERR! npm  v2.15.11
2017-03-06T13:14:26.75-0500 [APP/0]      ERR npm ERR! NodejsStarterApp@0.0.1 start: `node app.js`
2017-03-06T13:14:26.75-0500 [APP/0]      ERR npm ERR! Exit status 1
2017-03-06T13:14:26.75-0500 [APP/0]      ERR npm ERR! 
2017-03-06T13:14:26.75-0500 [APP/0]      ERR npm ERR! Failed at the NodejsStarterApp@0.0.1 start script 'node app.js'.
2017-03-06T13:14:26.75-0500 [APP/0]      ERR npm ERR! This is most likely a problem with the NodejsStarterApp package,
2017-03-06T13:14:26.75-0500 [APP/0]      ERR npm ERR! not with npm itself.
2017-03-06T13:14:26.75-0500 [APP/0]      ERR npm ERR! Tell the author that this fails on your system:
2017-03-06T13:14:26.75-0500 [APP/0]      ERR npm ERR!     node app.js
2017-03-06T13:14:26.75-0500 [APP/0]      ERR npm ERR! You can get information on how to open an issue for this project with:
2017-03-06T13:14:26.75-0500 [APP/0]      ERR npm ERR!     npm bugs NodejsStarterApp
2017-03-06T13:14:26.75-0500 [APP/0]      ERR npm ERR! Or if that isn't available, you can get their info via:
2017-03-06T13:14:26.75-0500 [APP/0]      ERR npm ERR! 
2017-03-06T13:14:26.75-0500 [APP/0]      ERR npm ERR!     npm owner ls NodejsStarterApp
2017-03-06T13:14:26.78-0500 [APP/0]      ERR npm ERR! Please include the following file with any support request:
2017-03-06T13:14:26.78-0500 [APP/0]      ERR npm ERR!     /home/vcap/app/npm-debug.log
2017-03-06T13:14:26.80-0500 [APP/0]      OUT Exit status 1
2017-03-06T13:14:26.87-0500 [CELL/0]     OUT Exit status 0
2017-03-06T13:14:26.89-0500 [CELL/0]     OUT Destroying container
2017-03-06T13:14:26.90-0500 [API/2]      OUT App instance exited with guid e5ddb78f-12e9-4ebc-9fe9-2e7bc9f1f9a3 payload: {"instance"=>"", "index"=>0, "reason"=>"CRASHED", "exit_description"=>"2 error(s) occurred:\n\n* 2 error(s) occurred:\n\n* Exited with status 1\n* cancelled\n* cancelled", "crash_count"=>7, "crash_timestamp"=>1488824066880029865, "version"=>"c135dfd8-e9a4-460d-8a4b-7a45e42c8b34"}
2017-03-06T13:14:37.74-0500 [CELL/0]     OUT Successfully destroyed container
2017-03-06T13:22:34.85-0500 [CELL/0]     OUT Creating container
2017-03-06T13:22:46.52-0500 [CELL/0]     OUT Successfully created container
2017-03-06T13:22:49.61-0500 [CELL/0]     OUT Starting health monitoring of container
2017-03-06T13:22:51.20-0500 [APP/0]      OUT > NodejsStarterApp@0.0.1 start /home/vcap/app
2017-03-06T13:22:51.20-0500 [APP/0]      OUT > node app.js
2017-03-06T13:22:52.67-0500 [APP/0]      ERR /home/vcap/app/routes/index.js:7
2017-03-06T13:22:52.67-0500 [APP/0]      ERR var cloudant_service = vcapServices.cloudantNoSQLDB[0].credentials;
2017-03-06T13:22:52.67-0500 [APP/0]      ERR                                                    ^
2017-03-06T13:22:52.67-0500 [APP/0]      ERR TypeError: Cannot read property '0' of undefined
2017-03-06T13:22:52.67-0500 [APP/0]      ERR     at Object.<anonymous> (/home/vcap/app/routes/index.js:7:52)
2017-03-06T13:22:52.67-0500 [APP/0]      ERR     at Object.Module._extensions..js (module.js:416:10)
2017-03-06T13:22:52.67-0500 [APP/0]      ERR     at Module.load (module.js:343:32)
2017-03-06T13:22:52.67-0500 [APP/0]      ERR     at Function.Module._load (module.js:300:12)
2017-03-06T13:22:52.67-0500 [APP/0]      ERR     at require (internal/module.js:12:17)
2017-03-06T13:22:52.67-0500 [APP/0]      ERR     at Object.<anonymous> (/home/vcap/app/app.js:25:14)
2017-03-06T13:22:52.67-0500 [APP/0]      ERR     at Module._compile (module.js:409:26)
2017-03-06T13:22:52.67-0500 [APP/0]      ERR     at Object.Module._extensions..js (module.js:416:10)
2017-03-06T13:22:52.67-0500 [APP/0]      ERR     at Module.load (module.js:343:32)
2017-03-06T13:22:52.67-0500 [APP/0]      ERR     at Function.Module._load (module.js:300:12)
2017-03-06T13:22:52.67-0500 [APP/0]      ERR     at Function.Module.runMain (module.js:441:10)
2017-03-06T13:22:52.67-0500 [APP/0]      ERR     at startup (node.js:139:18)
2017-03-06T13:22:52.67-0500 [APP/0]      ERR     at node.js:990:3
2017-03-06T13:22:52.70-0500 [APP/0]      ERR npm ERR! Linux 4.4.0-45-generic
2017-03-06T13:22:52.70-0500 [APP/0]      ERR npm ERR! argv "/home/vcap/app/vendor/node/bin/node" "/home/vcap/app/vendor/node/bin/npm" "start"
2017-03-06T13:22:52.70-0500 [APP/0]      ERR npm ERR! node v4.7.2
2017-03-06T13:22:52.71-0500 [APP/0]      ERR npm ERR! code ELIFECYCLE
2017-03-06T13:22:52.71-0500 [APP/0]      ERR npm ERR! NodejsStarterApp@0.0.1 start: `node app.js`
2017-03-06T13:22:52.71-0500 [APP/0]      ERR npm ERR! Exit status 1
2017-03-06T13:22:52.71-0500 [APP/0]      ERR npm ERR! 
2017-03-06T13:22:52.71-0500 [APP/0]      ERR npm ERR! Failed at the NodejsStarterApp@0.0.1 start script 'node app.js'.
2017-03-06T13:22:52.71-0500 [APP/0]      ERR npm ERR! This is most likely a problem with the NodejsStarterApp package,
2017-03-06T13:22:52.71-0500 [APP/0]      ERR npm ERR! not with npm itself.
2017-03-06T13:22:52.71-0500 [APP/0]      ERR npm ERR! You can get information on how to open an issue for this project with:
2017-03-06T13:22:52.71-0500 [APP/0]      ERR npm ERR!     npm bugs NodejsStarterApp
2017-03-06T13:22:52.71-0500 [APP/0]      ERR npm ERR! Or if that isn't available, you can get their info via:
2017-03-06T13:22:52.71-0500 [APP/0]      ERR npm ERR! 
2017-03-06T13:22:52.71-0500 [APP/0]      ERR npm ERR!     npm owner ls NodejsStarterApp
2017-03-06T13:22:52.71-0500 [APP/0]      ERR npm ERR! There is likely additional logging output above.
2017-03-06T13:22:52.71-0500 [APP/0]      ERR npm ERR!     /home/vcap/app/npm-debug.log
2017-03-06T13:22:52.73-0500 [APP/0]      OUT Exit status 1
2017-03-06T13:22:52.82-0500 [CELL/0]     OUT Destroying container
2017-03-06T13:22:52.85-0500 [API/0]      OUT App instance exited with guid e5ddb78f-12e9-4ebc-9fe9-2e7bc9f1f9a3 payload: {"instance"=>"", "index"=>0, "reason"=>"CRASHED", "exit_description"=>"2 error(s) occurred:\n\n* 2 error(s) occurred:\n\n* Exited with status 1\n* cancelled\n* cancelled", "crash_count"=>8, "crash_timestamp"=>1488824572813718066, "version"=>"c135dfd8-e9a4-460d-8a4b-7a45e42c8b34"}
2017-03-06T13:23:00.88-0500 [CELL/0]     OUT Successfully destroyed container
2017-03-06T13:29:15.21-0500 [API/0]      OUT Updated app with guid e5ddb78f-12e9-4ebc-9fe9-2e7bc9f1f9a3 ({"name"=>"rexnord-customer-portal-prg20170306", "instances"=>1, "memory"=>256, "disk_quota"=>1024, "environment_json"=>"PRIVATE DATA HIDDEN"})
2017-03-06T13:29:29.48-0500 [API/0]      OUT Updated app with guid e5ddb78f-12e9-4ebc-9fe9-2e7bc9f1f9a3 ({"state"=>"STARTED"})
2017-03-06T13:29:30.36-0500 [STG/0]      OUT Downloading swift_buildpack_v2_0_3-20161217-1748...
2017-03-06T13:29:30.36-0500 [STG/0]      OUT Downloading binary_buildpack...
2017-03-06T13:29:30.36-0500 [STG/0]      OUT Downloading liberty-for-java_v3_4_1-20161030-2241...
2017-03-06T13:29:30.36-0500 [STG/0]      OUT Downloading xpages_buildpack...
2017-03-06T13:29:30.38-0500 [STG/0]      OUT Downloaded python_buildpack
2017-03-06T13:29:30.38-0500 [STG/0]      OUT Downloading liberty-for-java_v3_5-20161114-1152...
2017-03-06T13:29:30.38-0500 [STG/0]      OUT Downloaded binary_buildpack
2017-03-06T13:29:30.38-0500 [STG/0]      OUT Downloading liberty-for-java_v3_6-20161209-1351...
2017-03-06T13:29:30.38-0500 [STG/0]      OUT Downloaded liberty-for-java_v3_4_1-20161030-2241
2017-03-06T13:29:30.38-0500 [STG/0]      OUT Downloaded xpages_buildpack
2017-03-06T13:29:30.38-0500 [STG/0]      OUT Downloading sdk-for-nodejs_v3_9-20161128-1327...
2017-03-06T13:29:30.38-0500 [STG/0]      OUT Downloaded swift_buildpack_v2_0_3-20161217-1748
2017-03-06T13:29:30.38-0500 [STG/0]      OUT Downloading php_buildpack...
2017-03-06T13:29:30.39-0500 [STG/0]      OUT Downloaded liberty-for-java_v3_6-20161209-1351
2017-03-06T13:29:30.39-0500 [STG/0]      OUT Downloading staticfile_buildpack...
2017-03-06T13:29:30.39-0500 [STG/0]      OUT Downloaded dotnet-core_v1_0_6-20161205-0912
2017-03-06T13:29:30.40-0500 [STG/0]      OUT Downloading swift_buildpack...
2017-03-06T13:29:30.40-0500 [STG/0]      OUT Downloaded liberty-for-java_v3_5-20161114-1152
2017-03-06T13:29:30.40-0500 [STG/0]      OUT Downloaded php_buildpack
2017-03-06T13:29:30.40-0500 [STG/0]      OUT Downloading liberty-for-java...
2017-03-06T13:29:30.41-0500 [STG/0]      OUT Downloading sdk-for-nodejs...
2017-03-06T13:29:30.41-0500 [STG/0]      OUT Downloading dotnet-core...
2017-03-06T13:29:30.41-0500 [STG/0]      OUT Downloading java_buildpack...
2017-03-06T13:29:30.41-0500 [STG/0]      OUT Downloaded swift_buildpack
2017-03-06T13:29:30.41-0500 [STG/0]      OUT Downloading noop-buildpack...
2017-03-06T13:29:30.42-0500 [STG/0]      OUT Downloaded liberty-for-java
2017-03-06T13:29:30.42-0500 [STG/0]      OUT Downloading ruby_buildpack...
2017-03-06T13:29:30.42-0500 [STG/0]      OUT Downloaded sdk-for-nodejs
2017-03-06T13:29:30.42-0500 [STG/0]      OUT Downloading nodejs_buildpack...
2017-03-06T13:29:30.42-0500 [STG/0]      OUT Downloaded dotnet-core
2017-03-06T13:29:30.42-0500 [STG/0]      OUT Downloading go_buildpack...
2017-03-06T13:29:30.43-0500 [STG/0]      OUT Downloaded java_buildpack
2017-03-06T13:29:30.43-0500 [STG/0]      OUT Downloaded noop-buildpack
2017-03-06T13:29:30.44-0500 [STG/0]      OUT Downloaded go_buildpack
2017-03-06T13:29:30.44-0500 [STG/0]      OUT Downloaded ruby_buildpack
2017-03-06T13:29:40.49-0500 [STG/0]      OUT Successfully created container
2017-03-06T13:29:40.49-0500 [STG/0]      OUT Downloading app package...
2017-03-06T13:29:40.60-0500 [STG/0]      OUT Downloaded app package (73K)
2017-03-06T13:29:40.60-0500 [STG/0]      OUT Downloading build artifacts cache...
2017-03-06T13:29:41.39-0500 [STG/0]      OUT Downloaded build artifacts cache (5.3M)
2017-03-06T13:29:41.39-0500 [STG/0]      OUT Staging...
2017-03-06T13:29:42.39-0500 [STG/0]      OUT -----> IBM SDK for Node.js Buildpack v3.10-20170119-1146
2017-03-06T13:29:42.39-0500 [STG/0]      OUT        Based on Cloud Foundry Node.js Buildpack v1.5.24
2017-03-06T13:29:42.39-0500 [STG/0]      OUT -----> Creating runtime environment
2017-03-06T13:29:42.40-0500 [STG/0]      OUT        
2017-03-06T13:29:42.40-0500 [STG/0]      OUT        NPM_CONFIG_LOGLEVEL=error
2017-03-06T13:29:42.40-0500 [STG/0]      OUT        NPM_CONFIG_PRODUCTION=true
2017-03-06T13:29:42.40-0500 [STG/0]      OUT        NODE_MODULES_CACHE=true
2017-03-06T13:29:42.40-0500 [STG/0]      OUT -----> Installing binaries
2017-03-06T13:29:42.41-0500 [STG/0]      OUT        engines.node (package.json):  4.x
2017-03-06T13:29:42.41-0500 [STG/0]      OUT        engines.npm (package.json):   unspecified (use default)
2017-03-06T13:29:42.41-0500 [STG/0]      OUT        
2017-03-06T13:29:44.41-0500 [STG/0]      OUT        Using default npm version: 2.15.11
2017-03-06T13:29:44.41-0500 [STG/0]      OUT -----> Restoring cache
2017-03-06T13:29:44.68-0500 [STG/0]      OUT        Loading 2 from cacheDirectories (default):
2017-03-06T13:29:44.68-0500 [STG/0]      OUT        - node_modules
2017-03-06T13:29:44.68-0500 [STG/0]      OUT        - bower_components (not cached - skipping)
2017-03-06T13:29:44.69-0500 [STG/0]      OUT -----> Checking and configuring service extensions before installing dependencies
2017-03-06T13:29:44.76-0500 [STG/0]      OUT -----> Building dependencies
2017-03-06T13:29:46.42-0500 [STG/0]      OUT -----> Checking and configuring service extensions after installing dependencies
2017-03-06T13:29:46.49-0500 [STG/0]      OUT -----> Installing App Management
2017-03-06T13:29:49.37-0500 [STG/0]      OUT -----> Caching build
2017-03-06T13:29:49.37-0500 [STG/0]      OUT        Clearing previous node cache
2017-03-06T13:29:49.38-0500 [STG/0]      OUT        Saving 2 cacheDirectories (default):
2017-03-06T13:29:50.68-0500 [STG/0]      OUT        - bower_components (nothing to cache)
2017-03-06T13:29:50.95-0500 [STG/0]      OUT -----> Build succeeded!
2017-03-06T13:29:51.60-0500 [STG/0]      OUT        ├── bcryptjs@2.4.3
2017-03-06T13:29:51.60-0500 [STG/0]      OUT        ├── body-parser@1.13.3
2017-03-06T13:29:51.60-0500 [STG/0]      OUT        ├── cfenv@1.0.4
2017-03-06T13:29:51.60-0500 [STG/0]      OUT        ├── cloudant@1.7.1
2017-03-06T13:29:51.60-0500 [STG/0]      OUT        ├── connect-flash@0.1.1
2017-03-06T13:29:51.60-0500 [STG/0]      OUT        ├── cookie-parser@1.3.5
2017-03-06T13:29:51.60-0500 [STG/0]      OUT        ├── debug@2.2.0
2017-03-06T13:29:51.60-0500 [STG/0]      OUT        ├── express@4.13.4
2017-03-06T13:29:51.60-0500 [STG/0]      OUT        ├── express-session@1.15.1
2017-03-06T13:29:51.60-0500 [STG/0]      OUT        ├── express-validator@3.1.2
2017-03-06T13:29:51.60-0500 [STG/0]      OUT        ├── jade@1.11.0
2017-03-06T13:29:51.60-0500 [STG/0]      OUT        ├── morgan@1.6.1
2017-03-06T13:29:51.60-0500 [STG/0]      OUT        ├── multer@1.3.0
2017-03-06T13:29:51.60-0500 [STG/0]      OUT        ├── passport@0.3.2
2017-03-06T13:29:51.60-0500 [STG/0]      OUT        ├── passport-http@0.3.0
2017-03-06T13:29:51.60-0500 [STG/0]      OUT        └── serve-favicon@2.3.2
2017-03-06T13:29:51.60-0500 [STG/0]      OUT        
2017-03-06T13:30:01.15-0500 [STG/0]      OUT Staging complete
2017-03-06T13:30:01.15-0500 [STG/0]      OUT Uploading droplet, build artifacts cache...
2017-03-06T13:30:01.15-0500 [STG/0]      OUT Uploading droplet...
2017-03-06T13:30:01.38-0500 [STG/0]      OUT Uploaded build artifacts cache (5.3M)
2017-03-06T13:30:06.07-0500 [STG/0]      OUT Uploaded droplet (22M)
2017-03-06T13:30:06.08-0500 [STG/0]      OUT Uploading complete
2017-03-06T13:30:06.17-0500 [STG/0]      OUT Destroying container
2017-03-06T13:30:07.20-0500 [CELL/0]     OUT Creating container
2017-03-06T13:30:12.28-0500 [CELL/0]     OUT Successfully created container
2017-03-06T13:30:13.29-0500 [STG/0]      OUT Successfully destroyed container
2017-03-06T13:30:15.92-0500 [CELL/0]     OUT Starting health monitoring of container
2017-03-06T13:30:17.69-0500 [APP/0]      OUT > NodejsStarterApp@0.0.1 start /home/vcap/app
2017-03-06T13:30:17.69-0500 [APP/0]      OUT > node app.js
2017-03-06T13:30:19.92-0500 [APP/0]      ERR /home/vcap/app/routes/index.js:7
2017-03-06T13:30:19.92-0500 [APP/0]      ERR var cloudant_service = vcapServices.cloudantNoSQLDB.credentials;
2017-03-06T13:30:19.92-0500 [APP/0]      ERR                                                    ^
2017-03-06T13:30:19.92-0500 [APP/0]      ERR TypeError: Cannot read property 'credentials' of undefined
2017-03-06T13:30:19.92-0500 [APP/0]      ERR     at Object.<anonymous> (/home/vcap/app/routes/index.js:7:52)
2017-03-06T13:30:19.92-0500 [APP/0]      ERR     at Module._compile (module.js:409:26)
2017-03-06T13:30:19.92-0500 [APP/0]      ERR     at Object.Module._extensions..js (module.js:416:10)
2017-03-06T13:30:19.92-0500 [APP/0]      ERR     at Module.load (module.js:343:32)
2017-03-06T13:30:19.92-0500 [APP/0]      ERR     at Function.Module._load (module.js:300:12)
2017-03-06T13:30:19.92-0500 [APP/0]      ERR     at Module.require (module.js:353:17)
2017-03-06T13:30:19.92-0500 [APP/0]      ERR     at Object.<anonymous> (/home/vcap/app/app.js:25:14)
2017-03-06T13:30:19.92-0500 [APP/0]      ERR     at Module._compile (module.js:409:26)
2017-03-06T13:30:19.92-0500 [APP/0]      ERR     at Object.Module._extensions..js (module.js:416:10)
2017-03-06T13:30:19.92-0500 [APP/0]      ERR     at Module.load (module.js:343:32)
2017-03-06T13:30:19.92-0500 [APP/0]      ERR     at Function.Module._load (module.js:300:12)
2017-03-06T13:30:19.92-0500 [APP/0]      ERR     at Function.Module.runMain (module.js:441:10)
2017-03-06T13:30:19.92-0500 [APP/0]      ERR     at startup (node.js:139:18)
2017-03-06T13:30:19.92-0500 [APP/0]      ERR     at node.js:990:3
2017-03-06T13:30:19.98-0500 [APP/0]      ERR npm ERR! argv "/home/vcap/app/vendor/node/bin/node" "/home/vcap/app/vendor/node/bin/npm" "start"
2017-03-06T13:30:19.99-0500 [APP/0]      ERR npm ERR! node v4.7.2
2017-03-06T13:30:19.99-0500 [APP/0]      ERR npm ERR! npm  v2.15.11
2017-03-06T13:30:19.99-0500 [APP/0]      ERR npm ERR! code ELIFECYCLE
2017-03-06T13:30:19.99-0500 [APP/0]      ERR npm ERR! NodejsStarterApp@0.0.1 start: `node app.js`
2017-03-06T13:30:19.99-0500 [APP/0]      ERR npm ERR! Exit status 1
2017-03-06T13:30:19.99-0500 [APP/0]      ERR npm ERR! 
2017-03-06T13:30:19.99-0500 [APP/0]      ERR npm ERR! Failed at the NodejsStarterApp@0.0.1 start script 'node app.js'.
2017-03-06T13:30:19.99-0500 [APP/0]      ERR npm ERR! This is most likely a problem with the NodejsStarterApp package,
2017-03-06T13:30:19.99-0500 [APP/0]      ERR npm ERR! not with npm itself.
2017-03-06T13:30:19.99-0500 [APP/0]      ERR npm ERR! Tell the author that this fails on your system:
2017-03-06T13:30:19.99-0500 [APP/0]      ERR npm ERR!     node app.js
2017-03-06T13:30:19.99-0500 [APP/0]      ERR npm ERR! You can get information on how to open an issue for this project with:
2017-03-06T13:30:19.99-0500 [APP/0]      ERR npm ERR!     npm bugs NodejsStarterApp
2017-03-06T13:30:19.99-0500 [APP/0]      ERR npm ERR! Or if that isn't available, you can get their info via:
2017-03-06T13:30:19.99-0500 [APP/0]      ERR npm ERR! 
2017-03-06T13:30:19.99-0500 [APP/0]      ERR npm ERR!     npm owner ls NodejsStarterApp
2017-03-06T13:30:19.99-0500 [APP/0]      ERR npm ERR! There is likely additional logging output above.
2017-03-06T13:30:20.00-0500 [APP/0]      ERR npm ERR! Please include the following file with any support request:
2017-03-06T13:30:20.00-0500 [APP/0]      ERR npm ERR!     /home/vcap/app/npm-debug.log
2017-03-06T13:30:20.02-0500 [APP/0]      OUT Exit status 1
2017-03-06T13:30:20.12-0500 [CELL/0]     OUT Destroying container
2017-03-06T13:30:20.14-0500 [API/0]      OUT App instance exited with guid e5ddb78f-12e9-4ebc-9fe9-2e7bc9f1f9a3 payload: {"instance"=>"", "index"=>0, "reason"=>"CRASHED", "exit_description"=>"2 error(s) occurred:\n\n* 2 error(s) occurred:\n\n* Exited with status 1\n* cancelled\n* cancelled", "crash_count"=>1, "crash_timestamp"=>1488825020073733898, "version"=>"2ffea849-59a6-48d4-8654-5be7b193941b"}
2017-03-06T13:30:24.85-0500 [CELL/0]     OUT Successfully destroyed container
2017-03-06T13:30:34.74-0500 [CELL/0]     OUT Successfully created container
2017-03-06T13:30:39.63-0500 [APP/0]      OUT > NodejsStarterApp@0.0.1 start /home/vcap/app
2017-03-06T13:30:39.63-0500 [APP/0]      OUT > node app.js
2017-03-06T13:30:41.22-0500 [APP/0]      ERR /home/vcap/app/routes/index.js:7
2017-03-06T13:30:41.22-0500 [APP/0]      ERR var cloudant_service = vcapServices.cloudantNoSQLDB.credentials;
2017-03-06T13:30:41.22-0500 [APP/0]      ERR                                                    ^
2017-03-06T13:30:41.22-0500 [APP/0]      ERR TypeError: Cannot read property 'credentials' of undefined
2017-03-06T13:30:41.22-0500 [APP/0]      ERR     at Object.<anonymous> (/home/vcap/app/routes/index.js:7:52)
2017-03-06T13:30:41.22-0500 [APP/0]      ERR     at Module._compile (module.js:409:26)
2017-03-06T13:30:41.22-0500 [APP/0]      ERR     at Module.load (module.js:343:32)
2017-03-06T13:30:41.22-0500 [APP/0]      ERR     at Function.Module._load (module.js:300:12)
2017-03-06T13:30:41.22-0500 [APP/0]      ERR     at Module.require (module.js:353:17)
2017-03-06T13:30:41.22-0500 [APP/0]      ERR     at Object.<anonymous> (/home/vcap/app/app.js:25:14)
2017-03-06T13:30:41.22-0500 [APP/0]      ERR     at Module._compile (module.js:409:26)
2017-03-06T13:30:41.22-0500 [APP/0]      ERR     at Object.Module._extensions..js (module.js:416:10)
2017-03-06T13:30:41.22-0500 [APP/0]      ERR     at Module.load (module.js:343:32)
2017-03-06T13:30:41.22-0500 [APP/0]      ERR     at Function.Module._load (module.js:300:12)
2017-03-06T13:30:41.22-0500 [APP/0]      ERR     at startup (node.js:139:18)
2017-03-06T13:30:41.22-0500 [APP/0]      ERR     at node.js:990:3
2017-03-06T13:30:41.25-0500 [APP/0]      ERR npm ERR! Linux 4.4.0-45-generic
2017-03-06T13:30:41.25-0500 [APP/0]      ERR npm ERR! argv "/home/vcap/app/vendor/node/bin/node" "/home/vcap/app/vendor/node/bin/npm" "start"
2017-03-06T13:30:41.25-0500 [APP/0]      ERR npm ERR! node v4.7.2
2017-03-06T13:30:41.25-0500 [APP/0]      ERR npm ERR! npm  v2.15.11
2017-03-06T13:30:41.25-0500 [APP/0]      ERR npm ERR! code ELIFECYCLE
2017-03-06T13:30:41.25-0500 [APP/0]      ERR npm ERR! NodejsStarterApp@0.0.1 start: `node app.js`
2017-03-06T13:30:41.25-0500 [APP/0]      ERR npm ERR! Exit status 1
2017-03-06T13:30:41.25-0500 [APP/0]      ERR npm ERR! 
2017-03-06T13:30:41.25-0500 [APP/0]      ERR npm ERR! Failed at the NodejsStarterApp@0.0.1 start script 'node app.js'.
2017-03-06T13:30:41.25-0500 [APP/0]      ERR npm ERR! This is most likely a problem with the NodejsStarterApp package,
2017-03-06T13:30:41.25-0500 [APP/0]      ERR npm ERR! not with npm itself.
2017-03-06T13:30:41.25-0500 [APP/0]      ERR npm ERR! Tell the author that this fails on your system:
2017-03-06T13:30:41.25-0500 [APP/0]      ERR npm ERR!     node app.js
2017-03-06T13:30:41.25-0500 [APP/0]      ERR npm ERR! You can get information on how to open an issue for this project with:
2017-03-06T13:30:41.25-0500 [APP/0]      ERR npm ERR!     npm bugs NodejsStarterApp
2017-03-06T13:30:41.25-0500 [APP/0]      ERR npm ERR! Or if that isn't available, you can get their info via:
2017-03-06T13:30:41.25-0500 [APP/0]      ERR npm ERR! 
2017-03-06T13:30:41.25-0500 [APP/0]      ERR npm ERR!     npm owner ls NodejsStarterApp
2017-03-06T13:30:41.25-0500 [APP/0]      ERR npm ERR! There is likely additional logging output above.
2017-03-06T13:30:41.26-0500 [APP/0]      ERR npm ERR! Please include the following file with any support request:
2017-03-06T13:30:41.26-0500 [APP/0]      ERR npm ERR!     /home/vcap/app/npm-debug.log
2017-03-06T13:30:41.26-0500 [APP/0]      OUT Exit status 1
2017-03-06T13:30:41.34-0500 [CELL/0]     OUT Destroying container
2017-03-06T13:30:41.38-0500 [API/0]      OUT App instance exited with guid e5ddb78f-12e9-4ebc-9fe9-2e7bc9f1f9a3 payload: {"instance"=>"", "index"=>0, "reason"=>"CRASHED", "exit_description"=>"2 error(s) occurred:\n\n* 2 error(s) occurred:\n\n* Exited with status 1\n* cancelled\n* cancelled", "crash_count"=>2, "crash_timestamp"=>1488825041312122723, "version"=>"2ffea849-59a6-48d4-8654-5be7b193941b"}
2017-03-06T13:30:41.96-0500 [CELL/0]     OUT Creating container
2017-03-06T13:30:49.30-0500 [CELL/0]     OUT Successfully destroyed container
2017-03-06T13:30:58.38-0500 [CELL/0]     OUT Successfully created container
2017-03-06T13:31:05.72-0500 [CELL/0]     OUT Starting health monitoring of container
2017-03-06T13:31:12.76-0500 [APP/0]      ERR /home/vcap/app/routes/index.js:7
2017-03-06T13:31:12.76-0500 [APP/0]      ERR var cloudant_service = vcapServices.cloudantNoSQLDB.credentials;
2017-03-06T13:31:12.76-0500 [APP/0]      ERR                                                    ^
2017-03-06T13:31:12.76-0500 [APP/0]      ERR TypeError: Cannot read property 'credentials' of undefined
2017-03-06T13:31:12.76-0500 [APP/0]      ERR     at Object.<anonymous> (/home/vcap/app/routes/index.js:7:52)
2017-03-06T13:31:12.76-0500 [APP/0]      ERR     at Object.Module._extensions..js (module.js:416:10)
2017-03-06T13:31:12.76-0500 [APP/0]      ERR     at Module.load (module.js:343:32)
2017-03-06T13:31:12.76-0500 [APP/0]      ERR     at Function.Module._load (module.js:300:12)
2017-03-06T13:31:12.76-0500 [APP/0]      ERR     at Module.require (module.js:353:17)
2017-03-06T13:31:12.76-0500 [APP/0]      ERR     at require (internal/module.js:12:17)
2017-03-06T13:31:12.76-0500 [APP/0]      ERR     at Object.<anonymous> (/home/vcap/app/app.js:25:14)
2017-03-06T13:31:12.76-0500 [APP/0]      ERR     at Module._compile (module.js:409:26)
2017-03-06T13:31:12.76-0500 [APP/0]      ERR     at Object.Module._extensions..js (module.js:416:10)
2017-03-06T13:31:12.76-0500 [APP/0]      ERR     at Module.load (module.js:343:32)
2017-03-06T13:31:12.76-0500 [APP/0]      ERR     at Function.Module._load (module.js:300:12)
2017-03-06T13:31:12.76-0500 [APP/0]      ERR     at startup (node.js:139:18)
2017-03-06T13:31:12.76-0500 [APP/0]      ERR     at node.js:990:3
2017-03-06T13:31:12.80-0500 [APP/0]      ERR npm ERR! Linux 4.4.0-45-generic
2017-03-06T13:31:12.80-0500 [APP/0]      ERR npm ERR! argv "/home/vcap/app/vendor/node/bin/node" "/home/vcap/app/vendor/node/bin/npm" "start"
2017-03-06T13:31:12.81-0500 [APP/0]      ERR npm ERR! node v4.7.2
2017-03-06T13:31:12.81-0500 [APP/0]      ERR npm ERR! npm  v2.15.11
2017-03-06T13:31:12.81-0500 [APP/0]      ERR npm ERR! NodejsStarterApp@0.0.1 start: `node app.js`
2017-03-06T13:31:12.81-0500 [APP/0]      ERR npm ERR! Exit status 1
2017-03-06T13:31:12.81-0500 [APP/0]      ERR npm ERR! 
2017-03-06T13:31:12.81-0500 [APP/0]      ERR npm ERR! Failed at the NodejsStarterApp@0.0.1 start script 'node app.js'.
2017-03-06T13:31:12.81-0500 [APP/0]      ERR npm ERR! This is most likely a problem with the NodejsStarterApp package,
2017-03-06T13:31:12.81-0500 [APP/0]      ERR npm ERR! not with npm itself.
2017-03-06T13:31:12.81-0500 [APP/0]      ERR npm ERR! Tell the author that this fails on your system:
2017-03-06T13:31:12.81-0500 [APP/0]      ERR npm ERR! You can get information on how to open an issue for this project with:
2017-03-06T13:31:12.81-0500 [APP/0]      ERR npm ERR!     npm bugs NodejsStarterApp
2017-03-06T13:31:12.81-0500 [APP/0]      ERR npm ERR! Or if that isn't available, you can get their info via:
2017-03-06T13:31:12.81-0500 [APP/0]      ERR npm ERR! 
2017-03-06T13:31:12.81-0500 [APP/0]      ERR npm ERR!     npm owner ls NodejsStarterApp
2017-03-06T13:31:12.81-0500 [APP/0]      ERR npm ERR! There is likely additional logging output above.
2017-03-06T13:31:12.84-0500 [APP/0]      ERR npm ERR!     /home/vcap/app/npm-debug.log
2017-03-06T13:31:12.86-0500 [APP/0]      OUT Exit status 1
2017-03-06T13:31:12.95-0500 [CELL/0]     OUT Exit status 0
2017-03-06T13:31:13.20-0500 [CELL/0]     OUT Destroying container
2017-03-06T13:31:13.21-0500 [API/2]      OUT App instance exited with guid e5ddb78f-12e9-4ebc-9fe9-2e7bc9f1f9a3 payload: {"instance"=>"", "index"=>0, "reason"=>"CRASHED", "exit_description"=>"2 error(s) occurred:\n\n* 2 error(s) occurred:\n\n* Exited with status 1\n* cancelled\n* 1 error(s) occurred:\n\n* cancelled", "crash_count"=>3, "crash_timestamp"=>1488825073190255342, "version"=>"2ffea849-59a6-48d4-8654-5be7b193941b"}
2017-03-06T13:31:20.50-0500 [CELL/0]     OUT Successfully destroyed container
2017-03-06T13:32:12.57-0500 [CELL/0]     OUT Creating container
2017-03-06T13:32:19.25-0500 [CELL/0]     OUT Successfully created container
2017-03-06T13:32:25.36-0500 [CELL/0]     OUT Starting health monitoring of container
2017-03-06T13:32:27.09-0500 [APP/0]      OUT > NodejsStarterApp@0.0.1 start /home/vcap/app
2017-03-06T13:32:28.75-0500 [APP/0]      ERR /home/vcap/app/routes/index.js:7
2017-03-06T13:32:28.75-0500 [APP/0]      ERR var cloudant_service = vcapServices.cloudantNoSQLDB.credentials;
2017-03-06T13:32:28.75-0500 [APP/0]      ERR                                                    ^
2017-03-06T13:32:28.75-0500 [APP/0]      ERR TypeError: Cannot read property 'credentials' of undefined
2017-03-06T13:32:28.75-0500 [APP/0]      ERR     at Object.<anonymous> (/home/vcap/app/routes/index.js:7:52)
2017-03-06T13:32:28.75-0500 [APP/0]      ERR     at Module._compile (module.js:409:26)
2017-03-06T13:32:28.75-0500 [APP/0]      ERR     at Object.Module._extensions..js (module.js:416:10)
2017-03-06T13:32:28.75-0500 [APP/0]      ERR     at Module.load (module.js:343:32)
2017-03-06T13:32:28.75-0500 [APP/0]      ERR     at Function.Module._load (module.js:300:12)
2017-03-06T13:32:28.75-0500 [APP/0]      ERR     at Module.require (module.js:353:17)
2017-03-06T13:32:28.75-0500 [APP/0]      ERR     at require (internal/module.js:12:17)
2017-03-06T13:32:28.75-0500 [APP/0]      ERR     at Object.<anonymous> (/home/vcap/app/app.js:25:14)
2017-03-06T13:32:28.75-0500 [APP/0]      ERR     at Module._compile (module.js:409:26)
2017-03-06T13:32:28.75-0500 [APP/0]      ERR     at Object.Module._extensions..js (module.js:416:10)
2017-03-06T13:32:28.75-0500 [APP/0]      ERR     at Module.load (module.js:343:32)
2017-03-06T13:32:28.75-0500 [APP/0]      ERR     at Function.Module._load (module.js:300:12)
2017-03-06T13:32:28.75-0500 [APP/0]      ERR     at Function.Module.runMain (module.js:441:10)
2017-03-06T13:32:28.75-0500 [APP/0]      ERR     at startup (node.js:139:18)
2017-03-06T13:32:28.80-0500 [APP/0]      ERR npm ERR! Linux 4.4.0-45-generic
2017-03-06T13:32:28.81-0500 [APP/0]      ERR npm ERR! argv "/home/vcap/app/vendor/node/bin/node" "/home/vcap/app/vendor/node/bin/npm" "start"
2017-03-06T13:32:28.81-0500 [APP/0]      ERR npm ERR! node v4.7.2
2017-03-06T13:32:28.81-0500 [APP/0]      ERR npm ERR! npm  v2.15.11
2017-03-06T13:32:28.81-0500 [APP/0]      ERR npm ERR! code ELIFECYCLE
2017-03-06T13:32:28.81-0500 [APP/0]      ERR npm ERR! NodejsStarterApp@0.0.1 start: `node app.js`
2017-03-06T13:32:28.81-0500 [APP/0]      ERR npm ERR! Exit status 1
2017-03-06T13:32:28.81-0500 [APP/0]      ERR npm ERR! 
2017-03-06T13:32:28.81-0500 [APP/0]      ERR npm ERR! Failed at the NodejsStarterApp@0.0.1 start script 'node app.js'.
2017-03-06T13:32:28.81-0500 [APP/0]      ERR npm ERR! not with npm itself.
2017-03-06T13:32:28.81-0500 [APP/0]      ERR npm ERR! Tell the author that this fails on your system:
2017-03-06T13:32:28.81-0500 [APP/0]      ERR npm ERR!     node app.js
2017-03-06T13:32:28.81-0500 [APP/0]      ERR npm ERR! You can get information on how to open an issue for this project with:
2017-03-06T13:32:28.81-0500 [APP/0]      ERR npm ERR!     npm bugs NodejsStarterApp
2017-03-06T13:32:28.81-0500 [APP/0]      ERR npm ERR! Or if that isn't available, you can get their info via:
2017-03-06T13:32:28.81-0500 [APP/0]      ERR npm ERR! 
2017-03-06T13:32:28.81-0500 [APP/0]      ERR npm ERR!     npm owner ls NodejsStarterApp
2017-03-06T13:32:28.81-0500 [APP/0]      ERR npm ERR! There is likely additional logging output above.
2017-03-06T13:32:28.82-0500 [APP/0]      ERR npm ERR! Please include the following file with any support request:
2017-03-06T13:32:28.82-0500 [APP/0]      ERR npm ERR!     /home/vcap/app/npm-debug.log
2017-03-06T13:32:28.83-0500 [APP/0]      OUT Exit status 1
2017-03-06T13:32:28.92-0500 [CELL/0]     OUT Exit status 0
2017-03-06T13:32:28.94-0500 [CELL/0]     OUT Destroying container
2017-03-06T13:32:28.95-0500 [API/7]      OUT App instance exited with guid e5ddb78f-12e9-4ebc-9fe9-2e7bc9f1f9a3 payload: {"instance"=>"", "index"=>0, "reason"=>"CRASHED", "exit_description"=>"2 error(s) occurred:\n\n* 2 error(s) occurred:\n\n* Exited with status 1\n* cancelled\n* cancelled", "crash_count"=>4, "crash_timestamp"=>1488825148931668153, "version"=>"2ffea849-59a6-48d4-8654-5be7b193941b"}
